[ 2013-08-16T23:50:53+08:00 ] 127.0.0.1 /
INFO: [ app_begin ] --START--
INFO: ReadHtmlCache Behavior ::run [ RunTime:0.008092s ]
INFO: [ app_begin ] --END-- [ RunTime:0.008497s ]
INFO: [ view_parse ] --START--
INFO: ParseTemplate Behavior ::run [ RunTime:0.098406s ]
INFO: [ view_parse ] --END-- [ RunTime:0.098590s ]
INFO: [ view_filter ] --START--
INFO: ContentReplace Behavior ::run [ RunTime:0.006222s ]
INFO: TokenBuild Behavior ::run [ RunTime:0.007424s ]
INFO: WriteHtmlCache Behavior ::run [ RunTime:0.001348s ]
INFO: ShowRuntime Behavior ::run [ RunTime:0.001244s ]
INFO: [ view_filter ] --END-- [ RunTime:0.016564s ]
INFO: [ view_end ] --START--
INFO: ShowPageTrace Behavior ::run [ RunTime:0.001290s ]
INFO: [ view_end ] --END-- [ RunTime:0.001397s ]

[ 2013-08-16T23:50:58+08:00 ] 127.0.0.1 /Member/doLogin
INFO: [ route_check ] --START--
INFO: CheckRoute Behavior ::run [ RunTime:0.024234s ]
INFO: [ route_check ] --END-- [ RunTime:0.024382s ]
INFO: [ app_begin ] --START--
INFO: ReadHtmlCache Behavior ::run [ RunTime:0.000639s ]
INFO: [ app_begin ] --END-- [ RunTime:0.000739s ]
SQL: SHOW COLUMNS FROM `xcrm_user` [ RunTime:0.054908s ]
SQL: SELECT `uid` FROM `xcrm_user` WHERE ( `username` = 'admin' ) AND ( `password` = '21232f297a57a5a743894a0e4a801fc3' ) LIMIT 1   [ RunTime:0.015044s ]

[ 2013-08-16T23:50:58+08:00 ] 127.0.0.1 /
INFO: [ app_begin ] --START--
INFO: ReadHtmlCache Behavior ::run [ RunTime:0.000796s ]
INFO: [ app_begin ] --END-- [ RunTime:0.000967s ]
INFO: [ view_parse ] --START--
INFO: ParseTemplate Behavior ::run [ RunTime:0.010122s ]
INFO: [ view_parse ] --END-- [ RunTime:0.010257s ]
INFO: [ view_filter ] --START--
INFO: ContentReplace Behavior ::run [ RunTime:0.000453s ]
INFO: TokenBuild Behavior ::run [ RunTime:0.000460s ]
INFO: WriteHtmlCache Behavior ::run [ RunTime:0.000325s ]
INFO: ShowRuntime Behavior ::run [ RunTime:0.000566s ]
INFO: [ view_filter ] --END-- [ RunTime:0.002102s ]
INFO: [ view_end ] --START--
INFO: ShowPageTrace Behavior ::run [ RunTime:0.000687s ]
INFO: [ view_end ] --END-- [ RunTime:0.000794s ]

[ 2013-08-16T23:51:01+08:00 ] 127.0.0.1 /Menu/sidebar?node=root
INFO: [ route_check ] --START--
INFO: CheckRoute Behavior ::run [ RunTime:0.001864s ]
INFO: [ route_check ] --END-- [ RunTime:0.002144s ]
INFO: [ app_begin ] --START--
INFO: ReadHtmlCache Behavior ::run [ RunTime:0.000838s ]
INFO: [ app_begin ] --END-- [ RunTime:0.000973s ]

[ 2013-08-16T23:51:01+08:00 ] 127.0.0.1 /Menu/sidebar?node=root
INFO: [ route_check ] --START--
INFO: CheckRoute Behavior ::run [ RunTime:0.001348s ]
INFO: [ route_check ] --END-- [ RunTime:0.001539s ]
INFO: [ app_begin ] --START--
INFO: ReadHtmlCache Behavior ::run [ RunTime:0.000702s ]
INFO: [ app_begin ] --END-- [ RunTime:0.000812s ]

