[ 2013-08-21T00:07:18+08:00 ] 127.0.0.1 /
INFO: [ app_begin ] --START--
INFO: ReadHtmlCache Behavior ::run [ RunTime:0.011065s ]
INFO: [ app_begin ] --END-- [ RunTime:0.011393s ]
INFO: [ view_parse ] --START--
INFO: ParseTemplate Behavior ::run [ RunTime:0.082247s ]
INFO: [ view_parse ] --END-- [ RunTime:0.082544s ]
INFO: [ view_filter ] --START--
INFO: ContentReplace Behavior ::run [ RunTime:0.010944s ]
INFO: TokenBuild Behavior ::run [ RunTime:0.012814s ]
INFO: WriteHtmlCache Behavior ::run [ RunTime:0.011598s ]
INFO: ShowRuntime Behavior ::run [ RunTime:0.023939s ]
INFO: [ view_filter ] --END-- [ RunTime:0.060087s ]
INFO: [ view_end ] --START--
INFO: ShowPageTrace Behavior ::run [ RunTime:0.018245s ]
INFO: [ view_end ] --END-- [ RunTime:0.018627s ]

[ 2013-08-21T00:07:21+08:00 ] 127.0.0.1 /Menu/user?node=root
INFO: [ route_check ] --START--
INFO: CheckRoute Behavior ::run [ RunTime:0.032120s ]
INFO: [ route_check ] --END-- [ RunTime:0.032331s ]
INFO: [ app_begin ] --START--
INFO: ReadHtmlCache Behavior ::run [ RunTime:0.000739s ]
INFO: [ app_begin ] --END-- [ RunTime:0.000874s ]

[ 2013-08-21T00:07:21+08:00 ] 127.0.0.1 /Menu/product?node=root
INFO: [ route_check ] --START--
INFO: CheckRoute Behavior ::run [ RunTime:0.027450s ]
INFO: [ route_check ] --END-- [ RunTime:0.027589s ]
INFO: [ app_begin ] --START--
INFO: ReadHtmlCache Behavior ::run [ RunTime:0.000934s ]
INFO: [ app_begin ] --END-- [ RunTime:0.001075s ]

[ 2013-08-21T00:07:21+08:00 ] 127.0.0.1 /Menu/customer?node=root
INFO: [ route_check ] --START--
INFO: CheckRoute Behavior ::run [ RunTime:0.033275s ]
INFO: [ route_check ] --END-- [ RunTime:0.033476s ]
INFO: [ app_begin ] --START--
INFO: ReadHtmlCache Behavior ::run [ RunTime:0.001127s ]
INFO: [ app_begin ] --END-- [ RunTime:0.001295s ]

[ 2013-08-21T00:07:21+08:00 ] 127.0.0.1 /User/usergroup?_dc=1377014841259&page=1&start=0&limit=25
INFO: [ route_check ] --START--
INFO: CheckRoute Behavior ::run [ RunTime:0.001196s ]
INFO: [ route_check ] --END-- [ RunTime:0.001326s ]
INFO: [ app_begin ] --START--
INFO: ReadHtmlCache Behavior ::run [ RunTime:0.000707s ]
INFO: [ app_begin ] --END-- [ RunTime:0.000821s ]
SQL: SHOW COLUMNS FROM `xcrm_user_group` [ RunTime:0.132074s ]
SQL: SELECT * FROM `xcrm_user_group`  [ RunTime:0.000399s ]

[ 2013-08-21T00:09:33+08:00 ] 127.0.0.1 /Product/read?_dc=1377014972625&page=1&start=0&limit=10
INFO: [ route_check ] --START--
INFO: CheckRoute Behavior ::run [ RunTime:0.001082s ]
INFO: [ route_check ] --END-- [ RunTime:0.001206s ]
INFO: [ app_begin ] --START--
INFO: ReadHtmlCache Behavior ::run [ RunTime:0.000715s ]
INFO: [ app_begin ] --END-- [ RunTime:0.000801s ]
SQL: SHOW COLUMNS FROM `xcrm_product` [ RunTime:0.254795s ]
SQL: SELECT COUNT(*) AS tp_count FROM `xcrm_product` LIMIT 1   [ RunTime:0.660973s ]
SQL: SELECT * FROM `xcrm_product` ORDER BY id DESC LIMIT 0,10   [ RunTime:0.000378s ]

[ 2013-08-21T00:09:39+08:00 ] 127.0.0.1 /Product/read?_dc=1377014978753&page=2&start=10&limit=10
INFO: [ route_check ] --START--
INFO: CheckRoute Behavior ::run [ RunTime:0.001882s ]
INFO: [ route_check ] --END-- [ RunTime:0.002172s ]
INFO: [ app_begin ] --START--
INFO: ReadHtmlCache Behavior ::run [ RunTime:0.001255s ]
INFO: [ app_begin ] --END-- [ RunTime:0.001405s ]
SQL: SHOW COLUMNS FROM `xcrm_product` [ RunTime:0.002941s ]
SQL: SELECT COUNT(*) AS tp_count FROM `xcrm_product` LIMIT 1   [ RunTime:0.000335s ]
SQL: SELECT * FROM `xcrm_product` ORDER BY id DESC LIMIT 10,10   [ RunTime:0.000322s ]

[ 2013-08-21T00:09:47+08:00 ] 127.0.0.1 /Product/read?_dc=1377014987192&page=1&start=0&limit=10
INFO: [ route_check ] --START--
INFO: CheckRoute Behavior ::run [ RunTime:0.001116s ]
INFO: [ route_check ] --END-- [ RunTime:0.001252s ]
INFO: [ app_begin ] --START--
INFO: ReadHtmlCache Behavior ::run [ RunTime:0.000776s ]
INFO: [ app_begin ] --END-- [ RunTime:0.000886s ]
SQL: SHOW COLUMNS FROM `xcrm_product` [ RunTime:0.007880s ]
SQL: SELECT COUNT(*) AS tp_count FROM `xcrm_product` LIMIT 1   [ RunTime:0.000469s ]
SQL: SELECT * FROM `xcrm_product` ORDER BY id DESC LIMIT 0,10   [ RunTime:0.000427s ]

[ 2013-08-21T00:09:52+08:00 ] 127.0.0.1 /Customer/read?_dc=1377014991954&page=1&start=0&limit=10
INFO: [ route_check ] --START--
INFO: CheckRoute Behavior ::run [ RunTime:0.000827s ]
INFO: [ route_check ] --END-- [ RunTime:0.000956s ]
INFO: [ app_begin ] --START--
INFO: ReadHtmlCache Behavior ::run [ RunTime:0.000618s ]
INFO: [ app_begin ] --END-- [ RunTime:0.000708s ]
SQL: SHOW COLUMNS FROM `xcrm_customer` [ RunTime:0.105989s ]
SQL: SELECT COUNT(*) AS tp_count FROM `xcrm_customer` LIMIT 1   [ RunTime:0.000454s ]
SQL: SELECT * FROM `xcrm_customer` ORDER BY id DESC LIMIT 0,10   [ RunTime:0.000437s ]

[ 2013-08-21T00:17:25+08:00 ] 127.0.0.1 /Product/read?_dc=1377015445549&page=1&start=0&limit=10
INFO: [ route_check ] --START--
INFO: CheckRoute Behavior ::run [ RunTime:0.001392s ]
INFO: [ route_check ] --END-- [ RunTime:0.001538s ]
INFO: [ app_begin ] --START--
INFO: ReadHtmlCache Behavior ::run [ RunTime:0.000962s ]
INFO: [ app_begin ] --END-- [ RunTime:0.001063s ]
SQL: SHOW COLUMNS FROM `xcrm_product` [ RunTime:0.003056s ]
SQL: SELECT COUNT(*) AS tp_count FROM `xcrm_product` LIMIT 1   [ RunTime:0.000320s ]
SQL: SELECT * FROM `xcrm_product` ORDER BY id DESC LIMIT 0,10   [ RunTime:0.000332s ]

[ 2013-08-21T00:24:24+08:00 ] 127.0.0.1 /Product/read?_dc=1377015864554&page=1&start=0&limit=10
INFO: [ route_check ] --START--
INFO: CheckRoute Behavior ::run [ RunTime:0.001826s ]
INFO: [ route_check ] --END-- [ RunTime:0.002015s ]
INFO: [ app_begin ] --START--
INFO: ReadHtmlCache Behavior ::run [ RunTime:0.001556s ]
INFO: [ app_begin ] --END-- [ RunTime:0.001657s ]
SQL: SHOW COLUMNS FROM `xcrm_product` [ RunTime:0.002868s ]
SQL: SELECT COUNT(*) AS tp_count FROM `xcrm_product` LIMIT 1   [ RunTime:0.000258s ]
SQL: SELECT * FROM `xcrm_product` ORDER BY id DESC LIMIT 0,10   [ RunTime:0.000283s ]

[ 2013-08-21T00:24:29+08:00 ] 127.0.0.1 /Customer/read?_dc=1377015869353&page=1&start=0&limit=10
INFO: [ route_check ] --START--
INFO: CheckRoute Behavior ::run [ RunTime:0.001854s ]
INFO: [ route_check ] --END-- [ RunTime:0.002049s ]
INFO: [ app_begin ] --START--
INFO: ReadHtmlCache Behavior ::run [ RunTime:0.001475s ]
INFO: [ app_begin ] --END-- [ RunTime:0.001576s ]
SQL: SHOW COLUMNS FROM `xcrm_customer` [ RunTime:0.002506s ]
SQL: SELECT COUNT(*) AS tp_count FROM `xcrm_customer` LIMIT 1   [ RunTime:0.000268s ]
SQL: SELECT * FROM `xcrm_customer` ORDER BY id DESC LIMIT 0,10   [ RunTime:0.000240s ]

[ 2013-08-21T00:30:22+08:00 ] 127.0.0.1 /
INFO: [ app_begin ] --START--
INFO: ReadHtmlCache Behavior ::run [ RunTime:0.001243s ]
INFO: [ app_begin ] --END-- [ RunTime:0.001479s ]
INFO: [ view_parse ] --START--
INFO: ParseTemplate Behavior ::run [ RunTime:0.105034s ]
INFO: [ view_parse ] --END-- [ RunTime:0.105248s ]
INFO: [ view_filter ] --START--
INFO: ContentReplace Behavior ::run [ RunTime:0.008534s ]
INFO: TokenBuild Behavior ::run [ RunTime:0.013179s ]
INFO: WriteHtmlCache Behavior ::run [ RunTime:0.011946s ]
INFO: ShowRuntime Behavior ::run [ RunTime:0.012149s ]
INFO: [ view_filter ] --END-- [ RunTime:0.046552s ]
INFO: [ view_end ] --START--
INFO: ShowPageTrace Behavior ::run [ RunTime:0.018426s ]
INFO: [ view_end ] --END-- [ RunTime:0.018683s ]

[ 2013-08-21T00:30:24+08:00 ] 127.0.0.1 /Menu/user?node=root
INFO: [ route_check ] --START--
INFO: CheckRoute Behavior ::run [ RunTime:0.001140s ]
INFO: [ route_check ] --END-- [ RunTime:0.001277s ]
INFO: [ app_begin ] --START--
INFO: ReadHtmlCache Behavior ::run [ RunTime:0.000913s ]
INFO: [ app_begin ] --END-- [ RunTime:0.001013s ]

[ 2013-08-21T00:30:24+08:00 ] 127.0.0.1 /Menu/product?node=root
INFO: [ route_check ] --START--
INFO: CheckRoute Behavior ::run [ RunTime:0.001213s ]
INFO: [ route_check ] --END-- [ RunTime:0.001343s ]
INFO: [ app_begin ] --START--
INFO: ReadHtmlCache Behavior ::run [ RunTime:0.000907s ]
INFO: [ app_begin ] --END-- [ RunTime:0.001010s ]

[ 2013-08-21T00:30:24+08:00 ] 127.0.0.1 /Menu/customer?node=root
INFO: [ route_check ] --START--
INFO: CheckRoute Behavior ::run [ RunTime:0.001292s ]
INFO: [ route_check ] --END-- [ RunTime:0.001437s ]
INFO: [ app_begin ] --START--
INFO: ReadHtmlCache Behavior ::run [ RunTime:0.000987s ]
INFO: [ app_begin ] --END-- [ RunTime:0.001099s ]

[ 2013-08-21T00:30:24+08:00 ] 127.0.0.1 /User/usergroup?_dc=1377016224553&page=1&start=0&limit=25
INFO: [ route_check ] --START--
INFO: CheckRoute Behavior ::run [ RunTime:0.002367s ]
INFO: [ route_check ] --END-- [ RunTime:0.002886s ]
INFO: [ app_begin ] --START--
INFO: ReadHtmlCache Behavior ::run [ RunTime:0.001571s ]
INFO: [ app_begin ] --END-- [ RunTime:0.001764s ]
SQL: SHOW COLUMNS FROM `xcrm_user_group` [ RunTime:0.004575s ]
SQL: SELECT * FROM `xcrm_user_group`  [ RunTime:0.000303s ]

[ 2013-08-21T00:30:29+08:00 ] 127.0.0.1 /Customer/read?_dc=1377016229631&page=1&start=0&limit=10
INFO: [ route_check ] --START--
INFO: CheckRoute Behavior ::run [ RunTime:0.001267s ]
INFO: [ route_check ] --END-- [ RunTime:0.001406s ]
INFO: [ app_begin ] --START--
INFO: ReadHtmlCache Behavior ::run [ RunTime:0.000961s ]
INFO: [ app_begin ] --END-- [ RunTime:0.001076s ]
SQL: SHOW COLUMNS FROM `xcrm_customer` [ RunTime:0.002672s ]
SQL: SELECT COUNT(*) AS tp_count FROM `xcrm_customer` LIMIT 1   [ RunTime:0.000224s ]
SQL: SELECT * FROM `xcrm_customer` ORDER BY id DESC LIMIT 0,10   [ RunTime:0.000175s ]

[ 2013-08-21T00:31:15+08:00 ] 127.0.0.1 /Customer/read?_dc=1377016275593&page=1&start=0&limit=10
INFO: [ route_check ] --START--
INFO: CheckRoute Behavior ::run [ RunTime:0.001050s ]
INFO: [ route_check ] --END-- [ RunTime:0.001190s ]
INFO: [ app_begin ] --START--
INFO: ReadHtmlCache Behavior ::run [ RunTime:0.000847s ]
INFO: [ app_begin ] --END-- [ RunTime:0.000941s ]
SQL: SHOW COLUMNS FROM `xcrm_customer` [ RunTime:0.002525s ]
SQL: SELECT COUNT(*) AS tp_count FROM `xcrm_customer` LIMIT 1   [ RunTime:0.000253s ]
SQL: SELECT * FROM `xcrm_customer` ORDER BY id DESC LIMIT 0,10   [ RunTime:0.000243s ]

[ 2013-08-21T00:31:20+08:00 ] 127.0.0.1 /Customer/read?_dc=1377016280742&page=1&start=0&limit=10
INFO: [ route_check ] --START--
INFO: CheckRoute Behavior ::run [ RunTime:0.001093s ]
INFO: [ route_check ] --END-- [ RunTime:0.001229s ]
INFO: [ app_begin ] --START--
INFO: ReadHtmlCache Behavior ::run [ RunTime:0.000895s ]
INFO: [ app_begin ] --END-- [ RunTime:0.000999s ]
SQL: SHOW COLUMNS FROM `xcrm_customer` [ RunTime:0.002460s ]
SQL: SELECT COUNT(*) AS tp_count FROM `xcrm_customer` LIMIT 1   [ RunTime:0.000322s ]
SQL: SELECT * FROM `xcrm_customer` ORDER BY id DESC LIMIT 0,10   [ RunTime:0.000290s ]

[ 2013-08-21T00:31:26+08:00 ] 127.0.0.1 /Customer/read?_dc=1377016286080&page=1&start=0&limit=10
INFO: [ route_check ] --START--
INFO: CheckRoute Behavior ::run [ RunTime:0.001105s ]
INFO: [ route_check ] --END-- [ RunTime:0.001259s ]
INFO: [ app_begin ] --START--
INFO: ReadHtmlCache Behavior ::run [ RunTime:0.000912s ]
INFO: [ app_begin ] --END-- [ RunTime:0.001018s ]
SQL: SHOW COLUMNS FROM `xcrm_customer` [ RunTime:0.002528s ]
SQL: SELECT COUNT(*) AS tp_count FROM `xcrm_customer` LIMIT 1   [ RunTime:0.000349s ]
SQL: SELECT * FROM `xcrm_customer` ORDER BY id DESC LIMIT 0,10   [ RunTime:0.000334s ]

[ 2013-08-21T00:31:27+08:00 ] 127.0.0.1 /Customer/read?_dc=1377016287015&page=1&start=0&limit=10
INFO: [ route_check ] --START--
INFO: CheckRoute Behavior ::run [ RunTime:0.001121s ]
INFO: [ route_check ] --END-- [ RunTime:0.001259s ]
INFO: [ app_begin ] --START--
INFO: ReadHtmlCache Behavior ::run [ RunTime:0.000854s ]
INFO: [ app_begin ] --END-- [ RunTime:0.000985s ]
SQL: SHOW COLUMNS FROM `xcrm_customer` [ RunTime:0.003323s ]
SQL: SELECT COUNT(*) AS tp_count FROM `xcrm_customer` LIMIT 1   [ RunTime:0.000342s ]
SQL: SELECT * FROM `xcrm_customer` ORDER BY id DESC LIMIT 0,10   [ RunTime:0.000298s ]

[ 2013-08-21T00:31:31+08:00 ] 127.0.0.1 /Customer/read?_dc=1377016291501&page=1&start=0&limit=10
INFO: [ route_check ] --START--
INFO: CheckRoute Behavior ::run [ RunTime:0.001132s ]
INFO: [ route_check ] --END-- [ RunTime:0.001273s ]
INFO: [ app_begin ] --START--
INFO: ReadHtmlCache Behavior ::run [ RunTime:0.000878s ]
INFO: [ app_begin ] --END-- [ RunTime:0.000982s ]
SQL: SHOW COLUMNS FROM `xcrm_customer` [ RunTime:0.002590s ]
SQL: SELECT COUNT(*) AS tp_count FROM `xcrm_customer` LIMIT 1   [ RunTime:0.000210s ]
SQL: SELECT * FROM `xcrm_customer` ORDER BY id DESC LIMIT 0,10   [ RunTime:0.000176s ]

[ 2013-08-21T00:31:34+08:00 ] 127.0.0.1 /Customer/read?_dc=1377016294729&page=1&start=0&limit=10
INFO: [ route_check ] --START--
INFO: CheckRoute Behavior ::run [ RunTime:0.001056s ]
INFO: [ route_check ] --END-- [ RunTime:0.001187s ]
INFO: [ app_begin ] --START--
INFO: ReadHtmlCache Behavior ::run [ RunTime:0.000887s ]
INFO: [ app_begin ] --END-- [ RunTime:0.000995s ]
SQL: SHOW COLUMNS FROM `xcrm_customer` [ RunTime:0.002662s ]
SQL: SELECT COUNT(*) AS tp_count FROM `xcrm_customer` LIMIT 1   [ RunTime:0.000234s ]
SQL: SELECT * FROM `xcrm_customer` ORDER BY id DESC LIMIT 0,10   [ RunTime:0.000214s ]

[ 2013-08-21T00:34:38+08:00 ] 127.0.0.1 /Customer/read?_dc=1377016478790&page=1&start=0&limit=10
INFO: [ route_check ] --START--
INFO: CheckRoute Behavior ::run [ RunTime:0.001407s ]
INFO: [ route_check ] --END-- [ RunTime:0.001623s ]
INFO: [ app_begin ] --START--
INFO: ReadHtmlCache Behavior ::run [ RunTime:0.000871s ]
INFO: [ app_begin ] --END-- [ RunTime:0.000996s ]
SQL: SHOW COLUMNS FROM `xcrm_customer` [ RunTime:0.002876s ]
SQL: SELECT COUNT(*) AS tp_count FROM `xcrm_customer` LIMIT 1   [ RunTime:0.000263s ]
SQL: SELECT * FROM `xcrm_customer` ORDER BY id DESC LIMIT 0,10   [ RunTime:0.000246s ]

[ 2013-08-21T00:34:57+08:00 ] 127.0.0.1 /User/read?_dc=1377016497534&page=1&start=0&limit=25
INFO: [ route_check ] --START--
INFO: CheckRoute Behavior ::run [ RunTime:0.001215s ]
INFO: [ route_check ] --END-- [ RunTime:0.001365s ]
INFO: [ app_begin ] --START--
INFO: ReadHtmlCache Behavior ::run [ RunTime:0.000849s ]
INFO: [ app_begin ] --END-- [ RunTime:0.000943s ]
SQL: SHOW COLUMNS FROM `xcrm_user` [ RunTime:0.028013s ]
SQL: SELECT COUNT(*) AS tp_count FROM `xcrm_user` LIMIT 1   [ RunTime:0.000232s ]
SQL: SELECT * FROM `xcrm_user` ORDER BY uid DESC LIMIT 0,25   [ RunTime:0.000180s ]

[ 2013-08-21T00:35:08+08:00 ] 127.0.0.1 /User/create?_dc=1377016507743
INFO: [ route_check ] --START--
INFO: CheckRoute Behavior ::run [ RunTime:0.001114s ]
INFO: [ route_check ] --END-- [ RunTime:0.001276s ]
INFO: [ app_begin ] --START--
INFO: ReadHtmlCache Behavior ::run [ RunTime:0.000838s ]
INFO: [ app_begin ] --END-- [ RunTime:0.000931s ]
SQL: SHOW COLUMNS FROM `xcrm_user` [ RunTime:0.002445s ]
SQL: INSERT INTO `xcrm_user` (`username`,`ctime`) VALUES ('','2013-08-21') [ RunTime:0.222040s ]
SQL: SELECT * FROM `xcrm_user` WHERE ( uid=44 ) LIMIT 1   [ RunTime:0.001014s ]

[ 2013-08-21T00:35:14+08:00 ] 127.0.0.1 /User/delete?_dc=1377016514458
INFO: [ route_check ] --START--
INFO: CheckRoute Behavior ::run [ RunTime:0.001052s ]
INFO: [ route_check ] --END-- [ RunTime:0.001191s ]
INFO: [ app_begin ] --START--
INFO: ReadHtmlCache Behavior ::run [ RunTime:0.000805s ]
INFO: [ app_begin ] --END-- [ RunTime:0.000902s ]
SQL: SHOW COLUMNS FROM `xcrm_user` [ RunTime:0.002466s ]
SQL: DELETE FROM `xcrm_user` WHERE ( uid=44 ) [ RunTime:0.065206s ]

[ 2013-08-21T00:36:08+08:00 ] 127.0.0.1 /Customer/read?_dc=1377016568018&page=1&start=0&limit=10
INFO: [ route_check ] --START--
INFO: CheckRoute Behavior ::run [ RunTime:0.001167s ]
INFO: [ route_check ] --END-- [ RunTime:0.001324s ]
INFO: [ app_begin ] --START--
INFO: ReadHtmlCache Behavior ::run [ RunTime:0.000899s ]
INFO: [ app_begin ] --END-- [ RunTime:0.001020s ]
SQL: SHOW COLUMNS FROM `xcrm_customer` [ RunTime:0.009481s ]
SQL: SELECT COUNT(*) AS tp_count FROM `xcrm_customer` LIMIT 1   [ RunTime:0.000453s ]
SQL: SELECT * FROM `xcrm_customer` ORDER BY id DESC LIMIT 0,10   [ RunTime:0.000318s ]

[ 2013-08-21T00:36:08+08:00 ] 127.0.0.1 /Customer/read?_dc=1377016568768&page=1&start=0&limit=10
INFO: [ route_check ] --START--
INFO: CheckRoute Behavior ::run [ RunTime:0.001069s ]
INFO: [ route_check ] --END-- [ RunTime:0.001207s ]
INFO: [ app_begin ] --START--
INFO: ReadHtmlCache Behavior ::run [ RunTime:0.000914s ]
INFO: [ app_begin ] --END-- [ RunTime:0.001020s ]
SQL: SHOW COLUMNS FROM `xcrm_customer` [ RunTime:0.002684s ]
SQL: SELECT COUNT(*) AS tp_count FROM `xcrm_customer` LIMIT 1   [ RunTime:0.000265s ]
SQL: SELECT * FROM `xcrm_customer` ORDER BY id DESC LIMIT 0,10   [ RunTime:0.000219s ]

[ 2013-08-21T00:36:11+08:00 ] 127.0.0.1 /Customer/read?_dc=1377016571473&page=1&start=0&limit=10
INFO: [ route_check ] --START--
INFO: CheckRoute Behavior ::run [ RunTime:0.001096s ]
INFO: [ route_check ] --END-- [ RunTime:0.001281s ]
INFO: [ app_begin ] --START--
INFO: ReadHtmlCache Behavior ::run [ RunTime:0.000944s ]
INFO: [ app_begin ] --END-- [ RunTime:0.001061s ]
SQL: SHOW COLUMNS FROM `xcrm_customer` [ RunTime:0.002844s ]
SQL: SELECT COUNT(*) AS tp_count FROM `xcrm_customer` LIMIT 1   [ RunTime:0.000267s ]
SQL: SELECT * FROM `xcrm_customer` ORDER BY id DESC LIMIT 0,10   [ RunTime:0.000234s ]

[ 2013-08-21T00:36:12+08:00 ] 127.0.0.1 /Customer/read?_dc=1377016572475&page=1&start=0&limit=10
INFO: [ route_check ] --START--
INFO: CheckRoute Behavior ::run [ RunTime:0.001040s ]
INFO: [ route_check ] --END-- [ RunTime:0.001176s ]
INFO: [ app_begin ] --START--
INFO: ReadHtmlCache Behavior ::run [ RunTime:0.000817s ]
INFO: [ app_begin ] --END-- [ RunTime:0.000917s ]
SQL: SHOW COLUMNS FROM `xcrm_customer` [ RunTime:0.002608s ]
SQL: SELECT COUNT(*) AS tp_count FROM `xcrm_customer` LIMIT 1   [ RunTime:0.000295s ]
SQL: SELECT * FROM `xcrm_customer` ORDER BY id DESC LIMIT 0,10   [ RunTime:0.000231s ]

[ 2013-08-21T00:36:15+08:00 ] 127.0.0.1 /Customer/read?_dc=1377016575364&page=1&start=0&limit=10
INFO: [ route_check ] --START--
INFO: CheckRoute Behavior ::run [ RunTime:0.000989s ]
INFO: [ route_check ] --END-- [ RunTime:0.001118s ]
INFO: [ app_begin ] --START--
INFO: ReadHtmlCache Behavior ::run [ RunTime:0.000763s ]
INFO: [ app_begin ] --END-- [ RunTime:0.000855s ]
SQL: SHOW COLUMNS FROM `xcrm_customer` [ RunTime:0.002611s ]
SQL: SELECT COUNT(*) AS tp_count FROM `xcrm_customer` LIMIT 1   [ RunTime:0.000366s ]
SQL: SELECT * FROM `xcrm_customer` ORDER BY id DESC LIMIT 0,10   [ RunTime:0.000329s ]

[ 2013-08-21T00:36:17+08:00 ] 127.0.0.1 /Customer/read?_dc=1377016577154&page=1&start=0&limit=10
INFO: [ route_check ] --START--
INFO: CheckRoute Behavior ::run [ RunTime:0.001016s ]
INFO: [ route_check ] --END-- [ RunTime:0.001143s ]
INFO: [ app_begin ] --START--
INFO: ReadHtmlCache Behavior ::run [ RunTime:0.000802s ]
INFO: [ app_begin ] --END-- [ RunTime:0.000896s ]
SQL: SHOW COLUMNS FROM `xcrm_customer` [ RunTime:0.002570s ]
SQL: SELECT COUNT(*) AS tp_count FROM `xcrm_customer` LIMIT 1   [ RunTime:0.000224s ]
SQL: SELECT * FROM `xcrm_customer` ORDER BY id DESC LIMIT 0,10   [ RunTime:0.000177s ]

[ 2013-08-21T00:36:19+08:00 ] 127.0.0.1 /Customer/read?_dc=1377016578984&page=1&start=0&limit=10
INFO: [ route_check ] --START--
INFO: CheckRoute Behavior ::run [ RunTime:0.001033s ]
INFO: [ route_check ] --END-- [ RunTime:0.001171s ]
INFO: [ app_begin ] --START--
INFO: ReadHtmlCache Behavior ::run [ RunTime:0.000836s ]
INFO: [ app_begin ] --END-- [ RunTime:0.000935s ]
SQL: SHOW COLUMNS FROM `xcrm_customer` [ RunTime:0.002531s ]
SQL: SELECT COUNT(*) AS tp_count FROM `xcrm_customer` LIMIT 1   [ RunTime:0.000221s ]
SQL: SELECT * FROM `xcrm_customer` ORDER BY id DESC LIMIT 0,10   [ RunTime:0.000177s ]

[ 2013-08-21T00:36:20+08:00 ] 127.0.0.1 /Customer/read?_dc=1377016580769&page=1&start=0&limit=10
INFO: [ route_check ] --START--
INFO: CheckRoute Behavior ::run [ RunTime:0.001016s ]
INFO: [ route_check ] --END-- [ RunTime:0.001153s ]
INFO: [ app_begin ] --START--
INFO: ReadHtmlCache Behavior ::run [ RunTime:0.000821s ]
INFO: [ app_begin ] --END-- [ RunTime:0.000922s ]
SQL: SHOW COLUMNS FROM `xcrm_customer` [ RunTime:0.002549s ]
SQL: SELECT COUNT(*) AS tp_count FROM `xcrm_customer` LIMIT 1   [ RunTime:0.000288s ]
SQL: SELECT * FROM `xcrm_customer` ORDER BY id DESC LIMIT 0,10   [ RunTime:0.000251s ]

[ 2013-08-21T00:36:22+08:00 ] 127.0.0.1 /Customer/read?_dc=1377016582197&page=1&start=0&limit=10
INFO: [ route_check ] --START--
INFO: CheckRoute Behavior ::run [ RunTime:0.000982s ]
INFO: [ route_check ] --END-- [ RunTime:0.001110s ]
INFO: [ app_begin ] --START--
INFO: ReadHtmlCache Behavior ::run [ RunTime:0.000914s ]
INFO: [ app_begin ] --END-- [ RunTime:0.001024s ]
SQL: SHOW COLUMNS FROM `xcrm_customer` [ RunTime:0.002582s ]
SQL: SELECT COUNT(*) AS tp_count FROM `xcrm_customer` LIMIT 1   [ RunTime:0.000227s ]
SQL: SELECT * FROM `xcrm_customer` ORDER BY id DESC LIMIT 0,10   [ RunTime:0.000179s ]

[ 2013-08-21T00:41:17+08:00 ] 127.0.0.1 /
INFO: [ app_begin ] --START--
INFO: ReadHtmlCache Behavior ::run [ RunTime:0.001620s ]
INFO: [ app_begin ] --END-- [ RunTime:0.001889s ]
INFO: [ view_parse ] --START--
INFO: ParseTemplate Behavior ::run [ RunTime:0.013027s ]
INFO: [ view_parse ] --END-- [ RunTime:0.013185s ]
INFO: [ view_filter ] --START--
INFO: ContentReplace Behavior ::run [ RunTime:0.000677s ]
INFO: TokenBuild Behavior ::run [ RunTime:0.000753s ]
INFO: WriteHtmlCache Behavior ::run [ RunTime:0.000543s ]
INFO: ShowRuntime Behavior ::run [ RunTime:0.000866s ]
INFO: [ view_filter ] --END-- [ RunTime:0.003269s ]
INFO: [ view_end ] --START--
INFO: ShowPageTrace Behavior ::run [ RunTime:0.001129s ]
INFO: [ view_end ] --END-- [ RunTime:0.001302s ]

[ 2013-08-21T00:41:18+08:00 ] 127.0.0.1 /Menu/user?node=root
INFO: [ route_check ] --START--
INFO: CheckRoute Behavior ::run [ RunTime:0.001658s ]
INFO: [ route_check ] --END-- [ RunTime:0.001893s ]
INFO: [ app_begin ] --START--
INFO: ReadHtmlCache Behavior ::run [ RunTime:0.002618s ]
INFO: [ app_begin ] --END-- [ RunTime:0.002868s ]

[ 2013-08-21T00:41:18+08:00 ] 127.0.0.1 /Menu/customer?node=root
INFO: [ route_check ] --START--
INFO: CheckRoute Behavior ::run [ RunTime:0.001774s ]
INFO: [ route_check ] --END-- [ RunTime:0.002067s ]
INFO: [ app_begin ] --START--
INFO: ReadHtmlCache Behavior ::run [ RunTime:0.000964s ]
INFO: [ app_begin ] --END-- [ RunTime:0.001066s ]

[ 2013-08-21T00:41:18+08:00 ] 127.0.0.1 /Menu/product?node=root
INFO: [ route_check ] --START--
INFO: CheckRoute Behavior ::run [ RunTime:0.001951s ]
INFO: [ route_check ] --END-- [ RunTime:0.002217s ]
INFO: [ app_begin ] --START--
INFO: ReadHtmlCache Behavior ::run [ RunTime:0.001452s ]
INFO: [ app_begin ] --END-- [ RunTime:0.001621s ]

[ 2013-08-21T00:41:18+08:00 ] 127.0.0.1 /User/usergroup?_dc=1377016878655&page=1&start=0&limit=25
INFO: [ route_check ] --START--
INFO: CheckRoute Behavior ::run [ RunTime:0.002010s ]
INFO: [ route_check ] --END-- [ RunTime:0.002238s ]
INFO: [ app_begin ] --START--
INFO: ReadHtmlCache Behavior ::run [ RunTime:0.001726s ]
INFO: [ app_begin ] --END-- [ RunTime:0.001975s ]
SQL: SHOW COLUMNS FROM `xcrm_user_group` [ RunTime:0.003681s ]
SQL: SELECT * FROM `xcrm_user_group`  [ RunTime:0.000446s ]

[ 2013-08-21T00:41:52+08:00 ] 127.0.0.1 /Product/read?_dc=1377016911844&page=1&start=0&limit=10
INFO: [ route_check ] --START--
INFO: CheckRoute Behavior ::run [ RunTime:0.001137s ]
INFO: [ route_check ] --END-- [ RunTime:0.001274s ]
INFO: [ app_begin ] --START--
INFO: ReadHtmlCache Behavior ::run [ RunTime:0.000950s ]
INFO: [ app_begin ] --END-- [ RunTime:0.001060s ]
SQL: SHOW COLUMNS FROM `xcrm_product` [ RunTime:0.002925s ]
SQL: SELECT COUNT(*) AS tp_count FROM `xcrm_product` LIMIT 1   [ RunTime:0.000271s ]
SQL: SELECT * FROM `xcrm_product` ORDER BY id DESC LIMIT 0,10   [ RunTime:0.000298s ]

[ 2013-08-21T00:42:02+08:00 ] 127.0.0.1 /Customer/read?_dc=1377016922641&page=1&start=0&limit=10
INFO: [ route_check ] --START--
INFO: CheckRoute Behavior ::run [ RunTime:0.001439s ]
INFO: [ route_check ] --END-- [ RunTime:0.001635s ]
INFO: [ app_begin ] --START--
INFO: ReadHtmlCache Behavior ::run [ RunTime:0.000916s ]
INFO: [ app_begin ] --END-- [ RunTime:0.001047s ]
SQL: SHOW COLUMNS FROM `xcrm_customer` [ RunTime:0.002802s ]
SQL: SELECT COUNT(*) AS tp_count FROM `xcrm_customer` LIMIT 1   [ RunTime:0.000218s ]
SQL: SELECT * FROM `xcrm_customer` ORDER BY id DESC LIMIT 0,10   [ RunTime:0.000190s ]

[ 2013-08-21T00:42:03+08:00 ] 127.0.0.1 /Customer/read?_dc=1377016923840&page=1&start=0&limit=10
INFO: [ route_check ] --START--
INFO: CheckRoute Behavior ::run [ RunTime:0.000922s ]
INFO: [ route_check ] --END-- [ RunTime:0.001091s ]
INFO: [ app_begin ] --START--
INFO: ReadHtmlCache Behavior ::run [ RunTime:0.000615s ]
INFO: [ app_begin ] --END-- [ RunTime:0.000712s ]
SQL: SHOW COLUMNS FROM `xcrm_customer` [ RunTime:0.002900s ]
SQL: SELECT COUNT(*) AS tp_count FROM `xcrm_customer` LIMIT 1   [ RunTime:0.000323s ]
SQL: SELECT * FROM `xcrm_customer` ORDER BY id DESC LIMIT 0,10   [ RunTime:0.000343s ]

[ 2013-08-21T00:42:08+08:00 ] 127.0.0.1 /Customer/read?_dc=1377016927921&page=1&start=0&limit=10
INFO: [ route_check ] --START--
INFO: CheckRoute Behavior ::run [ RunTime:0.000748s ]
INFO: [ route_check ] --END-- [ RunTime:0.000874s ]
INFO: [ app_begin ] --START--
INFO: ReadHtmlCache Behavior ::run [ RunTime:0.000572s ]
INFO: [ app_begin ] --END-- [ RunTime:0.000672s ]
SQL: SHOW COLUMNS FROM `xcrm_customer` [ RunTime:0.002765s ]
SQL: SELECT COUNT(*) AS tp_count FROM `xcrm_customer` LIMIT 1   [ RunTime:0.000270s ]
SQL: SELECT * FROM `xcrm_customer` ORDER BY id DESC LIMIT 0,10   [ RunTime:0.000260s ]

[ 2013-08-21T00:42:10+08:00 ] 127.0.0.1 /Customer/read?_dc=1377016930112&page=1&start=0&limit=10
INFO: [ route_check ] --START--
INFO: CheckRoute Behavior ::run [ RunTime:0.000838s ]
INFO: [ route_check ] --END-- [ RunTime:0.000975s ]
INFO: [ app_begin ] --START--
INFO: ReadHtmlCache Behavior ::run [ RunTime:0.000612s ]
INFO: [ app_begin ] --END-- [ RunTime:0.000705s ]
SQL: SHOW COLUMNS FROM `xcrm_customer` [ RunTime:0.002629s ]
SQL: SELECT COUNT(*) AS tp_count FROM `xcrm_customer` LIMIT 1   [ RunTime:0.000353s ]
SQL: SELECT * FROM `xcrm_customer` ORDER BY id DESC LIMIT 0,10   [ RunTime:0.000352s ]

[ 2013-08-21T00:42:12+08:00 ] 127.0.0.1 /Customer/read?_dc=1377016932085&page=1&start=0&limit=10
INFO: [ route_check ] --START--
INFO: CheckRoute Behavior ::run [ RunTime:0.000806s ]
INFO: [ route_check ] --END-- [ RunTime:0.000944s ]
INFO: [ app_begin ] --START--
INFO: ReadHtmlCache Behavior ::run [ RunTime:0.000594s ]
INFO: [ app_begin ] --END-- [ RunTime:0.000692s ]
SQL: SHOW COLUMNS FROM `xcrm_customer` [ RunTime:0.002643s ]
SQL: SELECT COUNT(*) AS tp_count FROM `xcrm_customer` LIMIT 1   [ RunTime:0.000221s ]
SQL: SELECT * FROM `xcrm_customer` ORDER BY id DESC LIMIT 0,10   [ RunTime:0.000194s ]

[ 2013-08-21T00:42:14+08:00 ] 127.0.0.1 /Customer/read?_dc=1377016933996&page=1&start=0&limit=10
INFO: [ route_check ] --START--
INFO: CheckRoute Behavior ::run [ RunTime:0.000820s ]
INFO: [ route_check ] --END-- [ RunTime:0.000956s ]
INFO: [ app_begin ] --START--
INFO: ReadHtmlCache Behavior ::run [ RunTime:0.000619s ]
INFO: [ app_begin ] --END-- [ RunTime:0.000722s ]
SQL: SHOW COLUMNS FROM `xcrm_customer` [ RunTime:0.004528s ]
SQL: SELECT COUNT(*) AS tp_count FROM `xcrm_customer` LIMIT 1   [ RunTime:0.000472s ]
SQL: SELECT * FROM `xcrm_customer` ORDER BY id DESC LIMIT 0,10   [ RunTime:0.000447s ]

[ 2013-08-21T00:42:16+08:00 ] 127.0.0.1 /Customer/read?_dc=1377016935943&page=1&start=0&limit=10
INFO: [ route_check ] --START--
INFO: CheckRoute Behavior ::run [ RunTime:0.001268s ]
INFO: [ route_check ] --END-- [ RunTime:0.001492s ]
INFO: [ app_begin ] --START--
INFO: ReadHtmlCache Behavior ::run [ RunTime:0.000628s ]
INFO: [ app_begin ] --END-- [ RunTime:0.000730s ]
SQL: SHOW COLUMNS FROM `xcrm_customer` [ RunTime:0.002736s ]
SQL: SELECT COUNT(*) AS tp_count FROM `xcrm_customer` LIMIT 1   [ RunTime:0.000208s ]
SQL: SELECT * FROM `xcrm_customer` ORDER BY id DESC LIMIT 0,10   [ RunTime:0.000194s ]

[ 2013-08-21T00:42:18+08:00 ] 127.0.0.1 /Customer/read?_dc=1377016938344&page=1&start=0&limit=10
INFO: [ route_check ] --START--
INFO: CheckRoute Behavior ::run [ RunTime:0.000987s ]
INFO: [ route_check ] --END-- [ RunTime:0.001202s ]
INFO: [ app_begin ] --START--
INFO: ReadHtmlCache Behavior ::run [ RunTime:0.000632s ]
INFO: [ app_begin ] --END-- [ RunTime:0.000735s ]
SQL: SHOW COLUMNS FROM `xcrm_customer` [ RunTime:0.002522s ]
SQL: SELECT COUNT(*) AS tp_count FROM `xcrm_customer` LIMIT 1   [ RunTime:0.000204s ]
SQL: SELECT * FROM `xcrm_customer` ORDER BY id DESC LIMIT 0,10   [ RunTime:0.000191s ]

[ 2013-08-21T00:42:20+08:00 ] 127.0.0.1 /Customer/read?_dc=1377016940316&page=1&start=0&limit=10
INFO: [ route_check ] --START--
INFO: CheckRoute Behavior ::run [ RunTime:0.000810s ]
INFO: [ route_check ] --END-- [ RunTime:0.000950s ]
INFO: [ app_begin ] --START--
INFO: ReadHtmlCache Behavior ::run [ RunTime:0.000629s ]
INFO: [ app_begin ] --END-- [ RunTime:0.000727s ]
SQL: SHOW COLUMNS FROM `xcrm_customer` [ RunTime:0.002705s ]
SQL: SELECT COUNT(*) AS tp_count FROM `xcrm_customer` LIMIT 1   [ RunTime:0.000207s ]
SQL: SELECT * FROM `xcrm_customer` ORDER BY id DESC LIMIT 0,10   [ RunTime:0.000193s ]

[ 2013-08-21T00:42:22+08:00 ] 127.0.0.1 /Customer/read?_dc=1377016942381&page=1&start=0&limit=10
INFO: [ route_check ] --START--
INFO: CheckRoute Behavior ::run [ RunTime:0.000917s ]
INFO: [ route_check ] --END-- [ RunTime:0.001070s ]
INFO: [ app_begin ] --START--
INFO: ReadHtmlCache Behavior ::run [ RunTime:0.000625s ]
INFO: [ app_begin ] --END-- [ RunTime:0.000727s ]
SQL: SHOW COLUMNS FROM `xcrm_customer` [ RunTime:0.002735s ]
SQL: SELECT COUNT(*) AS tp_count FROM `xcrm_customer` LIMIT 1   [ RunTime:0.000219s ]
SQL: SELECT * FROM `xcrm_customer` ORDER BY id DESC LIMIT 0,10   [ RunTime:0.000189s ]

[ 2013-08-21T00:42:26+08:00 ] 127.0.0.1 /User/read?_dc=1377016945826&page=1&start=0&limit=25
INFO: [ route_check ] --START--
INFO: CheckRoute Behavior ::run [ RunTime:0.000835s ]
INFO: [ route_check ] --END-- [ RunTime:0.001003s ]
INFO: [ app_begin ] --START--
INFO: ReadHtmlCache Behavior ::run [ RunTime:0.000590s ]
INFO: [ app_begin ] --END-- [ RunTime:0.000687s ]
SQL: SHOW COLUMNS FROM `xcrm_user` [ RunTime:0.004482s ]
SQL: SELECT COUNT(*) AS tp_count FROM `xcrm_user` LIMIT 1   [ RunTime:0.000587s ]
SQL: SELECT * FROM `xcrm_user` ORDER BY uid DESC LIMIT 0,25   [ RunTime:0.000507s ]

[ 2013-08-21T00:42:30+08:00 ] 127.0.0.1 /
INFO: [ app_begin ] --START--
INFO: ReadHtmlCache Behavior ::run [ RunTime:0.001368s ]
INFO: [ app_begin ] --END-- [ RunTime:0.001632s ]
INFO: [ view_parse ] --START--
INFO: ParseTemplate Behavior ::run [ RunTime:0.013569s ]
INFO: [ view_parse ] --END-- [ RunTime:0.013884s ]
INFO: [ view_filter ] --START--
INFO: ContentReplace Behavior ::run [ RunTime:0.001090s ]
INFO: TokenBuild Behavior ::run [ RunTime:0.000961s ]
INFO: WriteHtmlCache Behavior ::run [ RunTime:0.000695s ]
INFO: ShowRuntime Behavior ::run [ RunTime:0.001016s ]
INFO: [ view_filter ] --END-- [ RunTime:0.004282s ]
INFO: [ view_end ] --START--
INFO: ShowPageTrace Behavior ::run [ RunTime:0.001124s ]
INFO: [ view_end ] --END-- [ RunTime:0.001276s ]

[ 2013-08-21T00:42:31+08:00 ] 127.0.0.1 /Menu/product?node=root
INFO: [ route_check ] --START--
INFO: CheckRoute Behavior ::run [ RunTime:0.001119s ]
INFO: [ route_check ] --END-- [ RunTime:0.001263s ]
INFO: [ app_begin ] --START--
INFO: ReadHtmlCache Behavior ::run [ RunTime:0.000913s ]
INFO: [ app_begin ] --END-- [ RunTime:0.001024s ]

[ 2013-08-21T00:42:31+08:00 ] 127.0.0.1 /Menu/user?node=root
INFO: [ route_check ] --START--
INFO: CheckRoute Behavior ::run [ RunTime:0.000900s ]
INFO: [ route_check ] --END-- [ RunTime:0.001052s ]
INFO: [ app_begin ] --START--
INFO: ReadHtmlCache Behavior ::run [ RunTime:0.000646s ]
INFO: [ app_begin ] --END-- [ RunTime:0.000758s ]

[ 2013-08-21T00:42:31+08:00 ] 127.0.0.1 /User/usergroup?_dc=1377016951768&page=1&start=0&limit=25
INFO: [ route_check ] --START--
INFO: CheckRoute Behavior ::run [ RunTime:0.001823s ]
INFO: [ route_check ] --END-- [ RunTime:0.002041s ]
INFO: [ app_begin ] --START--
INFO: ReadHtmlCache Behavior ::run [ RunTime:0.000895s ]
INFO: [ app_begin ] --END-- [ RunTime:0.001019s ]
SQL: SHOW COLUMNS FROM `xcrm_user_group` [ RunTime:0.004237s ]
SQL: SELECT * FROM `xcrm_user_group`  [ RunTime:0.000390s ]

[ 2013-08-21T00:42:31+08:00 ] 127.0.0.1 /Menu/customer?node=root
INFO: [ route_check ] --START--
INFO: CheckRoute Behavior ::run [ RunTime:0.001144s ]
INFO: [ route_check ] --END-- [ RunTime:0.001294s ]
INFO: [ app_begin ] --START--
INFO: ReadHtmlCache Behavior ::run [ RunTime:0.000887s ]
INFO: [ app_begin ] --END-- [ RunTime:0.000996s ]

[ 2013-08-21T00:42:41+08:00 ] 127.0.0.1 /User/read?_dc=1377016961323&page=1&start=0&limit=25
INFO: [ route_check ] --START--
INFO: CheckRoute Behavior ::run [ RunTime:0.001218s ]
INFO: [ route_check ] --END-- [ RunTime:0.001357s ]
INFO: [ app_begin ] --START--
INFO: ReadHtmlCache Behavior ::run [ RunTime:0.000946s ]
INFO: [ app_begin ] --END-- [ RunTime:0.001057s ]
SQL: SHOW COLUMNS FROM `xcrm_user` [ RunTime:0.002645s ]
SQL: SELECT COUNT(*) AS tp_count FROM `xcrm_user` LIMIT 1   [ RunTime:0.000223s ]
SQL: SELECT * FROM `xcrm_user` ORDER BY uid DESC LIMIT 0,25   [ RunTime:0.000179s ]

[ 2013-08-21T00:42:45+08:00 ] 127.0.0.1 /Customer/read?_dc=1377016965711&page=1&start=0&limit=10
INFO: [ route_check ] --START--
INFO: CheckRoute Behavior ::run [ RunTime:0.001337s ]
INFO: [ route_check ] --END-- [ RunTime:0.001503s ]
INFO: [ app_begin ] --START--
INFO: ReadHtmlCache Behavior ::run [ RunTime:0.000978s ]
INFO: [ app_begin ] --END-- [ RunTime:0.001078s ]
SQL: SHOW COLUMNS FROM `xcrm_customer` [ RunTime:0.002638s ]
SQL: SELECT COUNT(*) AS tp_count FROM `xcrm_customer` LIMIT 1   [ RunTime:0.000235s ]
SQL: SELECT * FROM `xcrm_customer` ORDER BY id DESC LIMIT 0,10   [ RunTime:0.000188s ]

[ 2013-08-21T00:45:58+08:00 ] 127.0.0.1 /
INFO: [ app_begin ] --START--
INFO: ReadHtmlCache Behavior ::run [ RunTime:0.001582s ]
INFO: [ app_begin ] --END-- [ RunTime:0.001811s ]
INFO: [ view_parse ] --START--
INFO: ParseTemplate Behavior ::run [ RunTime:0.013698s ]
INFO: [ view_parse ] --END-- [ RunTime:0.013896s ]
INFO: [ view_filter ] --START--
INFO: ContentReplace Behavior ::run [ RunTime:0.000718s ]
INFO: TokenBuild Behavior ::run [ RunTime:0.000717s ]
INFO: WriteHtmlCache Behavior ::run [ RunTime:0.000547s ]
INFO: ShowRuntime Behavior ::run [ RunTime:0.000941s ]
INFO: [ view_filter ] --END-- [ RunTime:0.003325s ]
INFO: [ view_end ] --START--
INFO: ShowPageTrace Behavior ::run [ RunTime:0.001054s ]
INFO: [ view_end ] --END-- [ RunTime:0.001179s ]

[ 2013-08-21T00:45:59+08:00 ] 127.0.0.1 /User/usergroup?_dc=1377017159346&page=1&start=0&limit=25
INFO: [ route_check ] --START--
INFO: CheckRoute Behavior ::run [ RunTime:0.001964s ]
INFO: [ route_check ] --END-- [ RunTime:0.002194s ]
INFO: [ app_begin ] --START--
INFO: ReadHtmlCache Behavior ::run [ RunTime:0.001475s ]
INFO: [ app_begin ] --END-- [ RunTime:0.001659s ]
SQL: SHOW COLUMNS FROM `xcrm_user_group` [ RunTime:0.002519s ]
SQL: SELECT * FROM `xcrm_user_group`  [ RunTime:0.000231s ]

[ 2013-08-21T00:45:59+08:00 ] 127.0.0.1 /Menu/customer?node=root
INFO: [ route_check ] --START--
INFO: CheckRoute Behavior ::run [ RunTime:0.002244s ]
INFO: [ route_check ] --END-- [ RunTime:0.002535s ]
INFO: [ app_begin ] --START--
INFO: ReadHtmlCache Behavior ::run [ RunTime:0.001354s ]
INFO: [ app_begin ] --END-- [ RunTime:0.001552s ]

[ 2013-08-21T00:45:59+08:00 ] 127.0.0.1 /Menu/product?node=root
INFO: [ route_check ] --START--
INFO: CheckRoute Behavior ::run [ RunTime:0.001825s ]
INFO: [ route_check ] --END-- [ RunTime:0.002015s ]
INFO: [ app_begin ] --START--
INFO: ReadHtmlCache Behavior ::run [ RunTime:0.000950s ]
INFO: [ app_begin ] --END-- [ RunTime:0.001070s ]

[ 2013-08-21T00:45:59+08:00 ] 127.0.0.1 /Menu/user?node=root
INFO: [ route_check ] --START--
INFO: CheckRoute Behavior ::run [ RunTime:0.001405s ]
INFO: [ route_check ] --END-- [ RunTime:0.001592s ]
INFO: [ app_begin ] --START--
INFO: ReadHtmlCache Behavior ::run [ RunTime:0.000836s ]
INFO: [ app_begin ] --END-- [ RunTime:0.000948s ]

[ 2013-08-21T00:46:07+08:00 ] 127.0.0.1 /User/read?_dc=1377017166935&page=1&start=0&limit=25
INFO: [ route_check ] --START--
INFO: CheckRoute Behavior ::run [ RunTime:0.001107s ]
INFO: [ route_check ] --END-- [ RunTime:0.001258s ]
INFO: [ app_begin ] --START--
INFO: ReadHtmlCache Behavior ::run [ RunTime:0.000918s ]
INFO: [ app_begin ] --END-- [ RunTime:0.001026s ]
SQL: SHOW COLUMNS FROM `xcrm_user` [ RunTime:0.002577s ]
SQL: SELECT COUNT(*) AS tp_count FROM `xcrm_user` LIMIT 1   [ RunTime:0.000292s ]
SQL: SELECT * FROM `xcrm_user` ORDER BY uid DESC LIMIT 0,25   [ RunTime:0.000305s ]

[ 2013-08-21T00:46:22+08:00 ] 127.0.0.1 /Customer/read?_dc=1377017182811&page=1&start=0&limit=10
INFO: [ route_check ] --START--
INFO: CheckRoute Behavior ::run [ RunTime:0.000952s ]
INFO: [ route_check ] --END-- [ RunTime:0.001077s ]
INFO: [ app_begin ] --START--
INFO: ReadHtmlCache Behavior ::run [ RunTime:0.000774s ]
INFO: [ app_begin ] --END-- [ RunTime:0.000875s ]
SQL: SHOW COLUMNS FROM `xcrm_customer` [ RunTime:0.002544s ]
SQL: SELECT COUNT(*) AS tp_count FROM `xcrm_customer` LIMIT 1   [ RunTime:0.000215s ]
SQL: SELECT * FROM `xcrm_customer` ORDER BY id DESC LIMIT 0,10   [ RunTime:0.000190s ]

[ 2013-08-21T00:46:30+08:00 ] 127.0.0.1 /Customer/read?_dc=1377017190236&page=1&start=0&limit=10
INFO: [ route_check ] --START--
INFO: CheckRoute Behavior ::run [ RunTime:0.000965s ]
INFO: [ route_check ] --END-- [ RunTime:0.001089s ]
INFO: [ app_begin ] --START--
INFO: ReadHtmlCache Behavior ::run [ RunTime:0.000738s ]
INFO: [ app_begin ] --END-- [ RunTime:0.000834s ]
SQL: SHOW COLUMNS FROM `xcrm_customer` [ RunTime:0.002581s ]
SQL: SELECT COUNT(*) AS tp_count FROM `xcrm_customer` LIMIT 1   [ RunTime:0.000251s ]
SQL: SELECT * FROM `xcrm_customer` ORDER BY id DESC LIMIT 0,10   [ RunTime:0.000260s ]

[ 2013-08-21T00:46:33+08:00 ] 127.0.0.1 /Customer/read?_dc=1377017192960&page=1&start=0&limit=10
INFO: [ route_check ] --START--
INFO: CheckRoute Behavior ::run [ RunTime:0.001002s ]
INFO: [ route_check ] --END-- [ RunTime:0.001141s ]
INFO: [ app_begin ] --START--
INFO: ReadHtmlCache Behavior ::run [ RunTime:0.000795s ]
INFO: [ app_begin ] --END-- [ RunTime:0.000896s ]
SQL: SHOW COLUMNS FROM `xcrm_customer` [ RunTime:0.002590s ]
SQL: SELECT COUNT(*) AS tp_count FROM `xcrm_customer` LIMIT 1   [ RunTime:0.000220s ]
SQL: SELECT * FROM `xcrm_customer` ORDER BY id DESC LIMIT 0,10   [ RunTime:0.000193s ]

[ 2013-08-21T00:46:35+08:00 ] 127.0.0.1 /Customer/read?_dc=1377017195215&page=1&start=0&limit=10
INFO: [ route_check ] --START--
INFO: CheckRoute Behavior ::run [ RunTime:0.000947s ]
INFO: [ route_check ] --END-- [ RunTime:0.001071s ]
INFO: [ app_begin ] --START--
INFO: ReadHtmlCache Behavior ::run [ RunTime:0.000776s ]
INFO: [ app_begin ] --END-- [ RunTime:0.000877s ]
SQL: SHOW COLUMNS FROM `xcrm_customer` [ RunTime:0.002570s ]
SQL: SELECT COUNT(*) AS tp_count FROM `xcrm_customer` LIMIT 1   [ RunTime:0.000276s ]
SQL: SELECT * FROM `xcrm_customer` ORDER BY id DESC LIMIT 0,10   [ RunTime:0.000276s ]

[ 2013-08-21T00:46:37+08:00 ] 127.0.0.1 /Customer/read?_dc=1377017197520&page=1&start=0&limit=10
INFO: [ route_check ] --START--
INFO: CheckRoute Behavior ::run [ RunTime:0.001040s ]
INFO: [ route_check ] --END-- [ RunTime:0.001177s ]
INFO: [ app_begin ] --START--
INFO: ReadHtmlCache Behavior ::run [ RunTime:0.000825s ]
INFO: [ app_begin ] --END-- [ RunTime:0.000933s ]
SQL: SHOW COLUMNS FROM `xcrm_customer` [ RunTime:0.002630s ]
SQL: SELECT COUNT(*) AS tp_count FROM `xcrm_customer` LIMIT 1   [ RunTime:0.000343s ]
SQL: SELECT * FROM `xcrm_customer` ORDER BY id DESC LIMIT 0,10   [ RunTime:0.000318s ]

[ 2013-08-21T00:46:39+08:00 ] 127.0.0.1 /Customer/read?_dc=1377017199529&page=1&start=0&limit=10
INFO: [ route_check ] --START--
INFO: CheckRoute Behavior ::run [ RunTime:0.000961s ]
INFO: [ route_check ] --END-- [ RunTime:0.001085s ]
INFO: [ app_begin ] --START--
INFO: ReadHtmlCache Behavior ::run [ RunTime:0.000757s ]
INFO: [ app_begin ] --END-- [ RunTime:0.000853s ]
SQL: SHOW COLUMNS FROM `xcrm_customer` [ RunTime:0.002558s ]
SQL: SELECT COUNT(*) AS tp_count FROM `xcrm_customer` LIMIT 1   [ RunTime:0.000256s ]
SQL: SELECT * FROM `xcrm_customer` ORDER BY id DESC LIMIT 0,10   [ RunTime:0.000259s ]

[ 2013-08-21T00:46:41+08:00 ] 127.0.0.1 /Customer/read?_dc=1377017201786&page=1&start=0&limit=10
INFO: [ route_check ] --START--
INFO: CheckRoute Behavior ::run [ RunTime:0.001021s ]
INFO: [ route_check ] --END-- [ RunTime:0.001155s ]
INFO: [ app_begin ] --START--
INFO: ReadHtmlCache Behavior ::run [ RunTime:0.000764s ]
INFO: [ app_begin ] --END-- [ RunTime:0.000868s ]
SQL: SHOW COLUMNS FROM `xcrm_customer` [ RunTime:0.002994s ]
SQL: SELECT COUNT(*) AS tp_count FROM `xcrm_customer` LIMIT 1   [ RunTime:0.000247s ]
SQL: SELECT * FROM `xcrm_customer` ORDER BY id DESC LIMIT 0,10   [ RunTime:0.000193s ]

[ 2013-08-21T00:48:03+08:00 ] 127.0.0.1 /Customer/read?_dc=1377017283514&page=1&start=0&limit=10
INFO: [ route_check ] --START--
INFO: CheckRoute Behavior ::run [ RunTime:0.001424s ]
INFO: [ route_check ] --END-- [ RunTime:0.001617s ]
INFO: [ app_begin ] --START--
INFO: ReadHtmlCache Behavior ::run [ RunTime:0.001086s ]
INFO: [ app_begin ] --END-- [ RunTime:0.001227s ]
SQL: SHOW COLUMNS FROM `xcrm_customer` [ RunTime:0.003107s ]
SQL: SELECT COUNT(*) AS tp_count FROM `xcrm_customer` LIMIT 1   [ RunTime:0.000324s ]
SQL: SELECT * FROM `xcrm_customer` ORDER BY id DESC LIMIT 0,10   [ RunTime:0.000314s ]

[ 2013-08-21T00:55:30+08:00 ] 127.0.0.1 /User/read?_dc=1377017730139&page=1&start=0&limit=25
INFO: [ route_check ] --START--
INFO: CheckRoute Behavior ::run [ RunTime:0.001502s ]
INFO: [ route_check ] --END-- [ RunTime:0.001671s ]
INFO: [ app_begin ] --START--
INFO: ReadHtmlCache Behavior ::run [ RunTime:0.000849s ]
INFO: [ app_begin ] --END-- [ RunTime:0.000963s ]
SQL: SHOW COLUMNS FROM `xcrm_user` [ RunTime:0.002535s ]
SQL: SELECT COUNT(*) AS tp_count FROM `xcrm_user` LIMIT 1   [ RunTime:0.000335s ]
SQL: SELECT * FROM `xcrm_user` ORDER BY uid DESC LIMIT 0,25   [ RunTime:0.000260s ]

[ 2013-08-21T00:55:31+08:00 ] 127.0.0.1 /User/create?_dc=1377017731423
INFO: [ route_check ] --START--
INFO: CheckRoute Behavior ::run [ RunTime:0.000865s ]
INFO: [ route_check ] --END-- [ RunTime:0.001011s ]
INFO: [ app_begin ] --START--
INFO: ReadHtmlCache Behavior ::run [ RunTime:0.000725s ]
INFO: [ app_begin ] --END-- [ RunTime:0.000823s ]
SQL: SHOW COLUMNS FROM `xcrm_user` [ RunTime:0.002673s ]
SQL: INSERT INTO `xcrm_user` (`username`,`ctime`) VALUES ('','2013-08-21') [ RunTime:0.066662s ]
SQL: SELECT * FROM `xcrm_user` WHERE ( uid=45 ) LIMIT 1   [ RunTime:0.000846s ]

[ 2013-08-21T00:55:40+08:00 ] 127.0.0.1 /User/update?_dc=1377017739939
INFO: [ route_check ] --START--
INFO: CheckRoute Behavior ::run [ RunTime:0.003470s ]
INFO: [ route_check ] --END-- [ RunTime:0.003769s ]
INFO: [ app_begin ] --START--
INFO: ReadHtmlCache Behavior ::run [ RunTime:0.002057s ]
INFO: [ app_begin ] --END-- [ RunTime:0.002378s ]
SQL: SHOW COLUMNS FROM `xcrm_user` [ RunTime:0.068432s ]
SQL: UPDATE `xcrm_user` SET `uid`=45,`username`='хол' WHERE ( uid=45 ) [ RunTime:0.122947s ]
SQL: SELECT * FROM `xcrm_user` WHERE ( uid=45 ) LIMIT 1   [ RunTime:0.001001s ]

[ 2013-08-21T00:56:00+08:00 ] 127.0.0.1 /User/read?_dc=1377017760707&page=1&start=0&limit=25
INFO: [ route_check ] --START--
INFO: CheckRoute Behavior ::run [ RunTime:0.002243s ]
INFO: [ route_check ] --END-- [ RunTime:0.002476s ]
INFO: [ app_begin ] --START--
INFO: ReadHtmlCache Behavior ::run [ RunTime:0.001266s ]
INFO: [ app_begin ] --END-- [ RunTime:0.001432s ]
SQL: SHOW COLUMNS FROM `xcrm_user` [ RunTime:0.003865s ]
SQL: SELECT COUNT(*) AS tp_count FROM `xcrm_user` LIMIT 1   [ RunTime:0.000376s ]
SQL: SELECT * FROM `xcrm_user` ORDER BY uid DESC LIMIT 0,25   [ RunTime:0.000200s ]

[ 2013-08-21T00:56:07+08:00 ] 127.0.0.1 /User/read?_dc=1377017766986&page=1&start=0&limit=25
INFO: [ route_check ] --START--
INFO: CheckRoute Behavior ::run [ RunTime:0.001167s ]
INFO: [ route_check ] --END-- [ RunTime:0.001319s ]
INFO: [ app_begin ] --START--
INFO: ReadHtmlCache Behavior ::run [ RunTime:0.000666s ]
INFO: [ app_begin ] --END-- [ RunTime:0.000773s ]
SQL: SHOW COLUMNS FROM `xcrm_user` [ RunTime:0.002560s ]
SQL: SELECT COUNT(*) AS tp_count FROM `xcrm_user` LIMIT 1   [ RunTime:0.000311s ]
SQL: SELECT * FROM `xcrm_user` ORDER BY uid DESC LIMIT 0,25   [ RunTime:0.000186s ]

[ 2013-08-21T00:56:14+08:00 ] 127.0.0.1 /Customer/read?_dc=1377017774361&page=1&start=0&limit=10
INFO: [ route_check ] --START--
INFO: CheckRoute Behavior ::run [ RunTime:0.000808s ]
INFO: [ route_check ] --END-- [ RunTime:0.000944s ]
INFO: [ app_begin ] --START--
INFO: ReadHtmlCache Behavior ::run [ RunTime:0.000589s ]
INFO: [ app_begin ] --END-- [ RunTime:0.000686s ]
SQL: SHOW COLUMNS FROM `xcrm_customer` [ RunTime:0.002826s ]
SQL: SELECT COUNT(*) AS tp_count FROM `xcrm_customer` LIMIT 1   [ RunTime:0.000275s ]
SQL: SELECT * FROM `xcrm_customer` ORDER BY id DESC LIMIT 0,10   [ RunTime:0.000257s ]

