[ 2013-08-23T00:49:32+08:00 ] 127.0.0.1 /
INFO: [ app_begin ] --START--
INFO: ReadHtmlCache Behavior ::run [ RunTime:0.021136s ]
INFO: [ app_begin ] --END-- [ RunTime:0.021693s ]
INFO: [ view_parse ] --START--
INFO: ParseTemplate Behavior ::run [ RunTime:0.142096s ]
INFO: [ view_parse ] --END-- [ RunTime:0.142725s ]
INFO: [ view_filter ] --START--
INFO: ContentReplace Behavior ::run [ RunTime:0.034142s ]
INFO: TokenBuild Behavior ::run [ RunTime:0.057679s ]
INFO: WriteHtmlCache Behavior ::run [ RunTime:0.022799s ]
INFO: ShowRuntime Behavior ::run [ RunTime:0.023584s ]
INFO: [ view_filter ] --END-- [ RunTime:0.139059s ]
INFO: [ view_end ] --START--
INFO: ShowPageTrace Behavior ::run [ RunTime:0.029162s ]
INFO: [ view_end ] --END-- [ RunTime:0.029521s ]

[ 2013-08-23T00:49:36+08:00 ] 127.0.0.1 /Member/doLogin
INFO: [ route_check ] --START--
INFO: CheckRoute Behavior ::run [ RunTime:0.089550s ]
INFO: [ route_check ] --END-- [ RunTime:0.089909s ]
INFO: [ app_begin ] --START--
INFO: ReadHtmlCache Behavior ::run [ RunTime:0.002830s ]
INFO: [ app_begin ] --END-- [ RunTime:0.003145s ]
SQL: SHOW COLUMNS FROM `xcrm_user` [ RunTime:0.061496s ]
SQL: SELECT `uid` FROM `xcrm_user` WHERE ( `username` = 'admin' ) AND ( `password` = '21232f297a57a5a743894a0e4a801fc3' ) LIMIT 1   [ RunTime:0.009363s ]

[ 2013-08-23T00:49:36+08:00 ] 127.0.0.1 /
INFO: [ app_begin ] --START--
INFO: ReadHtmlCache Behavior ::run [ RunTime:0.001207s ]
INFO: [ app_begin ] --END-- [ RunTime:0.001431s ]
INFO: [ view_parse ] --START--
INFO: ParseTemplate Behavior ::run [ RunTime:0.014295s ]
INFO: [ view_parse ] --END-- [ RunTime:0.014455s ]
INFO: [ view_filter ] --START--
INFO: ContentReplace Behavior ::run [ RunTime:0.000618s ]
INFO: TokenBuild Behavior ::run [ RunTime:0.000609s ]
INFO: WriteHtmlCache Behavior ::run [ RunTime:0.000482s ]
INFO: ShowRuntime Behavior ::run [ RunTime:0.000747s ]
INFO: [ view_filter ] --END-- [ RunTime:0.002795s ]
INFO: [ view_end ] --START--
INFO: ShowPageTrace Behavior ::run [ RunTime:0.000903s ]
INFO: [ view_end ] --END-- [ RunTime:0.001027s ]

[ 2013-08-23T00:49:38+08:00 ] 127.0.0.1 /Menu/product?node=root
INFO: [ route_check ] --START--
INFO: CheckRoute Behavior ::run [ RunTime:0.000919s ]
INFO: [ route_check ] --END-- [ RunTime:0.001085s ]
INFO: [ app_begin ] --START--
INFO: ReadHtmlCache Behavior ::run [ RunTime:0.000605s ]
INFO: [ app_begin ] --END-- [ RunTime:0.000705s ]

[ 2013-08-23T00:49:38+08:00 ] 127.0.0.1 /Menu/customer?node=root
INFO: [ route_check ] --START--
INFO: CheckRoute Behavior ::run [ RunTime:0.001153s ]
INFO: [ route_check ] --END-- [ RunTime:0.001294s ]
INFO: [ app_begin ] --START--
INFO: ReadHtmlCache Behavior ::run [ RunTime:0.000929s ]
INFO: [ app_begin ] --END-- [ RunTime:0.001043s ]

[ 2013-08-23T00:49:38+08:00 ] 127.0.0.1 /Menu/user?node=root
INFO: [ route_check ] --START--
INFO: CheckRoute Behavior ::run [ RunTime:0.001594s ]
INFO: [ route_check ] --END-- [ RunTime:0.001789s ]
INFO: [ app_begin ] --START--
INFO: ReadHtmlCache Behavior ::run [ RunTime:0.000919s ]
INFO: [ app_begin ] --END-- [ RunTime:0.001022s ]

[ 2013-08-23T00:49:38+08:00 ] 127.0.0.1 /User/usergroup?_dc=1377190177936&page=1&start=0&limit=25
INFO: [ route_check ] --START--
INFO: CheckRoute Behavior ::run [ RunTime:0.001493s ]
INFO: [ route_check ] --END-- [ RunTime:0.001723s ]
INFO: [ app_begin ] --START--
INFO: ReadHtmlCache Behavior ::run [ RunTime:0.001063s ]
INFO: [ app_begin ] --END-- [ RunTime:0.001232s ]
SQL: SHOW COLUMNS FROM `xcrm_user_group` [ RunTime:0.062298s ]
SQL: SELECT * FROM `xcrm_user_group`  [ RunTime:0.000330s ]

[ 2013-08-23T00:49:44+08:00 ] 127.0.0.1 /Customer/read?_dc=1377190184422&page=1&start=0&limit=10
INFO: [ route_check ] --START--
INFO: CheckRoute Behavior ::run [ RunTime:0.001837s ]
INFO: [ route_check ] --END-- [ RunTime:0.002034s ]
INFO: [ app_begin ] --START--
INFO: ReadHtmlCache Behavior ::run [ RunTime:0.001574s ]
INFO: [ app_begin ] --END-- [ RunTime:0.001675s ]
SQL: SHOW COLUMNS FROM `xcrm_customer` [ RunTime:0.164899s ]
SQL: SELECT COUNT(*) AS tp_count FROM `xcrm_customer` LIMIT 1   [ RunTime:0.000966s ]
SQL: SELECT * FROM `xcrm_customer` ORDER BY id DESC LIMIT 0,10   [ RunTime:0.000963s ]

[ 2013-08-23T00:52:35+08:00 ] 127.0.0.1 /Product/read?_dc=1377190354925&page=1&start=0&limit=10
INFO: [ route_check ] --START--
INFO: CheckRoute Behavior ::run [ RunTime:0.001775s ]
INFO: [ route_check ] --END-- [ RunTime:0.001950s ]
INFO: [ app_begin ] --START--
INFO: ReadHtmlCache Behavior ::run [ RunTime:0.000904s ]
INFO: [ app_begin ] --END-- [ RunTime:0.001014s ]
SQL: SHOW COLUMNS FROM `xcrm_product` [ RunTime:0.083437s ]
SQL: SELECT COUNT(*) AS tp_count FROM `xcrm_product` LIMIT 1   [ RunTime:0.000412s ]
SQL: SELECT * FROM `xcrm_product` ORDER BY id DESC LIMIT 0,10   [ RunTime:0.000415s ]

[ 2013-08-23T00:52:45+08:00 ] 127.0.0.1 /
INFO: [ app_begin ] --START--
INFO: ReadHtmlCache Behavior ::run [ RunTime:0.001469s ]
INFO: [ app_begin ] --END-- [ RunTime:0.001669s ]
INFO: [ view_parse ] --START--
INFO: ParseTemplate Behavior ::run [ RunTime:0.012805s ]
INFO: [ view_parse ] --END-- [ RunTime:0.012975s ]
INFO: [ view_filter ] --START--
INFO: ContentReplace Behavior ::run [ RunTime:0.000793s ]
INFO: TokenBuild Behavior ::run [ RunTime:0.000799s ]
INFO: WriteHtmlCache Behavior ::run [ RunTime:0.000619s ]
INFO: ShowRuntime Behavior ::run [ RunTime:0.000905s ]
INFO: [ view_filter ] --END-- [ RunTime:0.003423s ]
INFO: [ view_end ] --START--
INFO: ShowPageTrace Behavior ::run [ RunTime:0.001107s ]
INFO: [ view_end ] --END-- [ RunTime:0.001230s ]

[ 2013-08-23T00:52:46+08:00 ] 127.0.0.1 /Menu/product?node=root
INFO: [ route_check ] --START--
INFO: CheckRoute Behavior ::run [ RunTime:0.001362s ]
INFO: [ route_check ] --END-- [ RunTime:0.001581s ]
INFO: [ app_begin ] --START--
INFO: ReadHtmlCache Behavior ::run [ RunTime:0.001159s ]
INFO: [ app_begin ] --END-- [ RunTime:0.001326s ]

[ 2013-08-23T00:52:46+08:00 ] 127.0.0.1 /Menu/user?node=root
INFO: [ route_check ] --START--
INFO: CheckRoute Behavior ::run [ RunTime:0.001862s ]
INFO: [ route_check ] --END-- [ RunTime:0.002098s ]
INFO: [ app_begin ] --START--
INFO: ReadHtmlCache Behavior ::run [ RunTime:0.006233s ]
INFO: [ app_begin ] --END-- [ RunTime:0.006424s ]

[ 2013-08-23T00:52:46+08:00 ] 127.0.0.1 /User/usergroup?_dc=1377190366836&page=1&start=0&limit=25
INFO: [ route_check ] --START--
INFO: CheckRoute Behavior ::run [ RunTime:0.003511s ]
INFO: [ route_check ] --END-- [ RunTime:0.003722s ]
INFO: [ app_begin ] --START--
INFO: ReadHtmlCache Behavior ::run [ RunTime:0.001514s ]
INFO: [ app_begin ] --END-- [ RunTime:0.001693s ]
SQL: SHOW COLUMNS FROM `xcrm_user_group` [ RunTime:0.002779s ]
SQL: SELECT * FROM `xcrm_user_group`  [ RunTime:0.000288s ]

[ 2013-08-23T00:52:46+08:00 ] 127.0.0.1 /Menu/customer?node=root
INFO: [ route_check ] --START--
INFO: CheckRoute Behavior ::run [ RunTime:0.001572s ]
INFO: [ route_check ] --END-- [ RunTime:0.001729s ]
INFO: [ app_begin ] --START--
INFO: ReadHtmlCache Behavior ::run [ RunTime:0.001119s ]
INFO: [ app_begin ] --END-- [ RunTime:0.001223s ]

[ 2013-08-23T00:52:49+08:00 ] 127.0.0.1 /Product/read?_dc=1377190368691&page=1&start=0&limit=10
INFO: [ route_check ] --START--
INFO: CheckRoute Behavior ::run [ RunTime:0.001122s ]
INFO: [ route_check ] --END-- [ RunTime:0.001286s ]
INFO: [ app_begin ] --START--
INFO: ReadHtmlCache Behavior ::run [ RunTime:0.000669s ]
INFO: [ app_begin ] --END-- [ RunTime:0.000796s ]
SQL: SHOW COLUMNS FROM `xcrm_product` [ RunTime:0.002763s ]
SQL: SELECT COUNT(*) AS tp_count FROM `xcrm_product` LIMIT 1   [ RunTime:0.000229s ]
SQL: SELECT * FROM `xcrm_product` ORDER BY id DESC LIMIT 0,10   [ RunTime:0.000362s ]

[ 2013-08-23T01:01:29+08:00 ] 127.0.0.1 /Product/read?_dc=1377190889522&page=2&start=10&limit=10
INFO: [ route_check ] --START--
INFO: CheckRoute Behavior ::run [ RunTime:0.001115s ]
INFO: [ route_check ] --END-- [ RunTime:0.001252s ]
INFO: [ app_begin ] --START--
INFO: ReadHtmlCache Behavior ::run [ RunTime:0.000753s ]
INFO: [ app_begin ] --END-- [ RunTime:0.000855s ]
SQL: SHOW COLUMNS FROM `xcrm_product` [ RunTime:0.002742s ]
SQL: SELECT COUNT(*) AS tp_count FROM `xcrm_product` LIMIT 1   [ RunTime:0.000329s ]
SQL: SELECT * FROM `xcrm_product` ORDER BY id DESC LIMIT 10,10   [ RunTime:0.000416s ]

[ 2013-08-23T01:01:32+08:00 ] 127.0.0.1 /Product/read?_dc=1377190892062&page=1&start=0&limit=10
INFO: [ route_check ] --START--
INFO: CheckRoute Behavior ::run [ RunTime:0.001105s ]
INFO: [ route_check ] --END-- [ RunTime:0.001264s ]
INFO: [ app_begin ] --START--
INFO: ReadHtmlCache Behavior ::run [ RunTime:0.000828s ]
INFO: [ app_begin ] --END-- [ RunTime:0.000951s ]
SQL: SHOW COLUMNS FROM `xcrm_product` [ RunTime:0.002951s ]
SQL: SELECT COUNT(*) AS tp_count FROM `xcrm_product` LIMIT 1   [ RunTime:0.000320s ]
SQL: SELECT * FROM `xcrm_product` ORDER BY id DESC LIMIT 0,10   [ RunTime:0.000399s ]

[ 2013-08-23T01:16:14+08:00 ] 127.0.0.1 /
INFO: [ app_begin ] --START--
INFO: ReadHtmlCache Behavior ::run [ RunTime:0.002051s ]
INFO: [ app_begin ] --END-- [ RunTime:0.002346s ]
INFO: [ view_parse ] --START--
INFO: ParseTemplate Behavior ::run [ RunTime:0.022900s ]
INFO: [ view_parse ] --END-- [ RunTime:0.023098s ]
INFO: [ view_filter ] --START--
INFO: ContentReplace Behavior ::run [ RunTime:0.000692s ]
INFO: TokenBuild Behavior ::run [ RunTime:0.000647s ]
INFO: WriteHtmlCache Behavior ::run [ RunTime:0.000469s ]
INFO: ShowRuntime Behavior ::run [ RunTime:0.000798s ]
INFO: [ view_filter ] --END-- [ RunTime:0.002981s ]
INFO: [ view_end ] --START--
INFO: ShowPageTrace Behavior ::run [ RunTime:0.000956s ]
INFO: [ view_end ] --END-- [ RunTime:0.001092s ]

[ 2013-08-23T01:16:16+08:00 ] 127.0.0.1 /Menu/user?node=root
INFO: [ route_check ] --START--
INFO: CheckRoute Behavior ::run [ RunTime:0.001049s ]
INFO: [ route_check ] --END-- [ RunTime:0.001187s ]
INFO: [ app_begin ] --START--
INFO: ReadHtmlCache Behavior ::run [ RunTime:0.000671s ]
INFO: [ app_begin ] --END-- [ RunTime:0.000772s ]

[ 2013-08-23T01:16:16+08:00 ] 127.0.0.1 /Menu/customer?node=root
INFO: [ route_check ] --START--
INFO: CheckRoute Behavior ::run [ RunTime:0.001101s ]
INFO: [ route_check ] --END-- [ RunTime:0.001230s ]
INFO: [ app_begin ] --START--
INFO: ReadHtmlCache Behavior ::run [ RunTime:0.000719s ]
INFO: [ app_begin ] --END-- [ RunTime:0.000817s ]

[ 2013-08-23T01:16:16+08:00 ] 127.0.0.1 /User/usergroup?_dc=1377191776110&page=1&start=0&limit=25
INFO: [ route_check ] --START--
INFO: CheckRoute Behavior ::run [ RunTime:0.001192s ]
INFO: [ route_check ] --END-- [ RunTime:0.001349s ]
INFO: [ app_begin ] --START--
INFO: ReadHtmlCache Behavior ::run [ RunTime:0.000829s ]
INFO: [ app_begin ] --END-- [ RunTime:0.000942s ]
SQL: SHOW COLUMNS FROM `xcrm_user_group` [ RunTime:0.023126s ]
SQL: SELECT * FROM `xcrm_user_group`  [ RunTime:0.000329s ]

[ 2013-08-23T01:16:16+08:00 ] 127.0.0.1 /Menu/product?node=root
INFO: [ route_check ] --START--
INFO: CheckRoute Behavior ::run [ RunTime:0.001754s ]
INFO: [ route_check ] --END-- [ RunTime:0.001912s ]
INFO: [ app_begin ] --START--
INFO: ReadHtmlCache Behavior ::run [ RunTime:0.001329s ]
INFO: [ app_begin ] --END-- [ RunTime:0.001480s ]

[ 2013-08-23T01:36:35+08:00 ] 127.0.0.1 /
INFO: [ app_begin ] --START--
INFO: ReadHtmlCache Behavior ::run [ RunTime:0.018965s ]
INFO: [ app_begin ] --END-- [ RunTime:0.019694s ]
INFO: [ view_parse ] --START--
INFO: ParseTemplate Behavior ::run [ RunTime:0.061393s ]
INFO: [ view_parse ] --END-- [ RunTime:0.061718s ]
INFO: [ view_filter ] --START--
INFO: ContentReplace Behavior ::run [ RunTime:0.010795s ]
INFO: TokenBuild Behavior ::run [ RunTime:0.013313s ]
INFO: WriteHtmlCache Behavior ::run [ RunTime:0.011654s ]
INFO: ShowRuntime Behavior ::run [ RunTime:0.012671s ]
INFO: [ view_filter ] --END-- [ RunTime:0.049215s ]
INFO: [ view_end ] --START--
INFO: ShowPageTrace Behavior ::run [ RunTime:0.018587s ]
INFO: [ view_end ] --END-- [ RunTime:0.018923s ]

[ 2013-08-23T01:36:36+08:00 ] 127.0.0.1 /Menu/customer?node=root
INFO: [ route_check ] --START--
INFO: CheckRoute Behavior ::run [ RunTime:0.013249s ]
INFO: [ route_check ] --END-- [ RunTime:0.013413s ]
INFO: [ app_begin ] --START--
INFO: ReadHtmlCache Behavior ::run [ RunTime:0.000955s ]
INFO: [ app_begin ] --END-- [ RunTime:0.001070s ]

[ 2013-08-23T01:36:36+08:00 ] 127.0.0.1 /Menu/user?node=root
INFO: [ route_check ] --START--
INFO: CheckRoute Behavior ::run [ RunTime:0.001704s ]
INFO: [ route_check ] --END-- [ RunTime:0.001965s ]
INFO: [ app_begin ] --START--
INFO: ReadHtmlCache Behavior ::run [ RunTime:0.001433s ]
INFO: [ app_begin ] --END-- [ RunTime:0.001618s ]

[ 2013-08-23T01:36:36+08:00 ] 127.0.0.1 /User/usergroup?_dc=1377192996501&page=1&start=0&limit=25
INFO: [ route_check ] --START--
INFO: CheckRoute Behavior ::run [ RunTime:0.001196s ]
INFO: [ route_check ] --END-- [ RunTime:0.001346s ]
INFO: [ app_begin ] --START--
INFO: ReadHtmlCache Behavior ::run [ RunTime:0.000781s ]
INFO: [ app_begin ] --END-- [ RunTime:0.000892s ]
SQL: SHOW COLUMNS FROM `xcrm_user_group` [ RunTime:0.046750s ]
SQL: SELECT * FROM `xcrm_user_group`  [ RunTime:0.001063s ]

[ 2013-08-23T01:36:36+08:00 ] 127.0.0.1 /Menu/product?node=root
INFO: [ route_check ] --START--
INFO: CheckRoute Behavior ::run [ RunTime:0.001589s ]
INFO: [ route_check ] --END-- [ RunTime:0.001791s ]
INFO: [ app_begin ] --START--
INFO: ReadHtmlCache Behavior ::run [ RunTime:0.001796s ]
INFO: [ app_begin ] --END-- [ RunTime:0.002002s ]

[ 2013-08-23T01:36:45+08:00 ] 127.0.0.1 /
INFO: [ app_begin ] --START--
INFO: ReadHtmlCache Behavior ::run [ RunTime:0.000998s ]
INFO: [ app_begin ] --END-- [ RunTime:0.001181s ]
INFO: [ view_parse ] --START--
INFO: ParseTemplate Behavior ::run [ RunTime:0.013273s ]
INFO: [ view_parse ] --END-- [ RunTime:0.013455s ]
INFO: [ view_filter ] --START--
INFO: ContentReplace Behavior ::run [ RunTime:0.000655s ]
INFO: TokenBuild Behavior ::run [ RunTime:0.000596s ]
INFO: WriteHtmlCache Behavior ::run [ RunTime:0.000518s ]
INFO: ShowRuntime Behavior ::run [ RunTime:0.000689s ]
INFO: [ view_filter ] --END-- [ RunTime:0.002792s ]
INFO: [ view_end ] --START--
INFO: ShowPageTrace Behavior ::run [ RunTime:0.000843s ]
INFO: [ view_end ] --END-- [ RunTime:0.000947s ]

[ 2013-08-23T01:36:48+08:00 ] 127.0.0.1 /User/usergroup?_dc=1377193007800&page=1&start=0&limit=25
INFO: [ route_check ] --START--
INFO: CheckRoute Behavior ::run [ RunTime:0.001222s ]
INFO: [ route_check ] --END-- [ RunTime:0.001361s ]
INFO: [ app_begin ] --START--
INFO: ReadHtmlCache Behavior ::run [ RunTime:0.002001s ]
INFO: [ app_begin ] --END-- [ RunTime:0.002190s ]
SQL: SHOW COLUMNS FROM `xcrm_user_group` [ RunTime:0.003430s ]
SQL: SELECT * FROM `xcrm_user_group`  [ RunTime:0.000358s ]

[ 2013-08-23T01:36:48+08:00 ] 127.0.0.1 /Menu/product?node=root
INFO: [ route_check ] --START--
INFO: CheckRoute Behavior ::run [ RunTime:0.001850s ]
INFO: [ route_check ] --END-- [ RunTime:0.002132s ]
INFO: [ app_begin ] --START--
INFO: ReadHtmlCache Behavior ::run [ RunTime:0.001540s ]
INFO: [ app_begin ] --END-- [ RunTime:0.001737s ]

[ 2013-08-23T01:36:48+08:00 ] 127.0.0.1 /Menu/customer?node=root
INFO: [ route_check ] --START--
INFO: CheckRoute Behavior ::run [ RunTime:0.001900s ]
INFO: [ route_check ] --END-- [ RunTime:0.002124s ]
INFO: [ app_begin ] --START--
INFO: ReadHtmlCache Behavior ::run [ RunTime:0.001234s ]
INFO: [ app_begin ] --END-- [ RunTime:0.001422s ]

[ 2013-08-23T01:36:48+08:00 ] 127.0.0.1 /Menu/user?node=root
INFO: [ route_check ] --START--
INFO: CheckRoute Behavior ::run [ RunTime:0.001349s ]
INFO: [ route_check ] --END-- [ RunTime:0.001575s ]
INFO: [ app_begin ] --START--
INFO: ReadHtmlCache Behavior ::run [ RunTime:0.001144s ]
INFO: [ app_begin ] --END-- [ RunTime:0.001346s ]

[ 2013-08-23T01:38:13+08:00 ] 127.0.0.1 /
INFO: [ app_begin ] --START--
INFO: ReadHtmlCache Behavior ::run [ RunTime:0.000660s ]
INFO: [ app_begin ] --END-- [ RunTime:0.000798s ]
INFO: [ view_parse ] --START--
INFO: ParseTemplate Behavior ::run [ RunTime:0.010912s ]
INFO: [ view_parse ] --END-- [ RunTime:0.011064s ]
INFO: [ view_filter ] --START--
INFO: ContentReplace Behavior ::run [ RunTime:0.000630s ]
INFO: TokenBuild Behavior ::run [ RunTime:0.000605s ]
INFO: WriteHtmlCache Behavior ::run [ RunTime:0.000437s ]
INFO: ShowRuntime Behavior ::run [ RunTime:0.000708s ]
INFO: [ view_filter ] --END-- [ RunTime:0.002713s ]
INFO: [ view_end ] --START--
INFO: ShowPageTrace Behavior ::run [ RunTime:0.000838s ]
INFO: [ view_end ] --END-- [ RunTime:0.000943s ]

[ 2013-08-23T01:38:15+08:00 ] 127.0.0.1 /Public/js/app/model/ProductCategory.js?_dc=1377193095825
INFO: [ route_check ] --START--
INFO: CheckRoute Behavior ::run [ RunTime:0.000983s ]
INFO: [ route_check ] --END-- [ RunTime:0.001133s ]
INFO: [ app_begin ] --START--
INFO: ReadHtmlCache Behavior ::run [ RunTime:0.000720s ]
INFO: [ app_begin ] --END-- [ RunTime:0.000847s ]
ERR: 无法加载模块:Public

[ 2013-08-23T01:40:40+08:00 ] 127.0.0.1 /
INFO: [ app_begin ] --START--
INFO: ReadHtmlCache Behavior ::run [ RunTime:0.001176s ]
INFO: [ app_begin ] --END-- [ RunTime:0.001335s ]
INFO: [ view_parse ] --START--
INFO: ParseTemplate Behavior ::run [ RunTime:0.010915s ]
INFO: [ view_parse ] --END-- [ RunTime:0.011107s ]
INFO: [ view_filter ] --START--
INFO: ContentReplace Behavior ::run [ RunTime:0.000779s ]
INFO: TokenBuild Behavior ::run [ RunTime:0.000844s ]
INFO: WriteHtmlCache Behavior ::run [ RunTime:0.000994s ]
INFO: ShowRuntime Behavior ::run [ RunTime:0.001048s ]
INFO: [ view_filter ] --END-- [ RunTime:0.004075s ]
INFO: [ view_end ] --START--
INFO: ShowPageTrace Behavior ::run [ RunTime:0.000975s ]
INFO: [ view_end ] --END-- [ RunTime:0.001092s ]

[ 2013-08-23T01:40:43+08:00 ] 127.0.0.1 /Menu/user?node=root
INFO: [ route_check ] --START--
INFO: CheckRoute Behavior ::run [ RunTime:0.001683s ]
INFO: [ route_check ] --END-- [ RunTime:0.001963s ]
INFO: [ app_begin ] --START--
INFO: ReadHtmlCache Behavior ::run [ RunTime:0.001367s ]
INFO: [ app_begin ] --END-- [ RunTime:0.001542s ]

[ 2013-08-23T01:40:43+08:00 ] 127.0.0.1 /User/usergroup?_dc=1377193243219&page=1&start=0&limit=25
INFO: [ route_check ] --START--
INFO: CheckRoute Behavior ::run [ RunTime:0.001971s ]
INFO: [ route_check ] --END-- [ RunTime:0.002325s ]
INFO: [ app_begin ] --START--
INFO: ReadHtmlCache Behavior ::run [ RunTime:0.001279s ]
INFO: [ app_begin ] --END-- [ RunTime:0.001515s ]
SQL: SHOW COLUMNS FROM `xcrm_user_group` [ RunTime:0.199438s ]
SQL: SELECT * FROM `xcrm_user_group`  [ RunTime:0.000381s ]

[ 2013-08-23T01:40:43+08:00 ] 127.0.0.1 /Menu/product?node=root
INFO: [ route_check ] --START--
INFO: CheckRoute Behavior ::run [ RunTime:0.012644s ]
INFO: [ route_check ] --END-- [ RunTime:0.012909s ]
INFO: [ app_begin ] --START--
INFO: ReadHtmlCache Behavior ::run [ RunTime:0.001174s ]
INFO: [ app_begin ] --END-- [ RunTime:0.001349s ]

[ 2013-08-23T01:40:43+08:00 ] 127.0.0.1 /Menu/customer?node=root
INFO: [ route_check ] --START--
INFO: CheckRoute Behavior ::run [ RunTime:0.002274s ]
INFO: [ route_check ] --END-- [ RunTime:0.002530s ]
INFO: [ app_begin ] --START--
INFO: ReadHtmlCache Behavior ::run [ RunTime:0.001955s ]
INFO: [ app_begin ] --END-- [ RunTime:0.002179s ]

[ 2013-08-23T01:48:23+08:00 ] 127.0.0.1 /
INFO: [ app_begin ] --START--
INFO: ReadHtmlCache Behavior ::run [ RunTime:0.001220s ]
INFO: [ app_begin ] --END-- [ RunTime:0.001420s ]
INFO: [ view_parse ] --START--
INFO: ParseTemplate Behavior ::run [ RunTime:0.011371s ]
INFO: [ view_parse ] --END-- [ RunTime:0.011525s ]
INFO: [ view_filter ] --START--
INFO: ContentReplace Behavior ::run [ RunTime:0.000749s ]
INFO: TokenBuild Behavior ::run [ RunTime:0.000791s ]
INFO: WriteHtmlCache Behavior ::run [ RunTime:0.000572s ]
INFO: ShowRuntime Behavior ::run [ RunTime:0.000907s ]
INFO: [ view_filter ] --END-- [ RunTime:0.003414s ]
INFO: [ view_end ] --START--
INFO: ShowPageTrace Behavior ::run [ RunTime:0.000997s ]
INFO: [ view_end ] --END-- [ RunTime:0.001141s ]

[ 2013-08-23T01:48:26+08:00 ] 127.0.0.1 /Menu/user?node=root
INFO: [ route_check ] --START--
INFO: CheckRoute Behavior ::run [ RunTime:0.001112s ]
INFO: [ route_check ] --END-- [ RunTime:0.001248s ]
INFO: [ app_begin ] --START--
INFO: ReadHtmlCache Behavior ::run [ RunTime:0.000745s ]
INFO: [ app_begin ] --END-- [ RunTime:0.000850s ]

[ 2013-08-23T01:48:26+08:00 ] 127.0.0.1 /Menu/customer?node=root
INFO: [ route_check ] --START--
INFO: CheckRoute Behavior ::run [ RunTime:0.001125s ]
INFO: [ route_check ] --END-- [ RunTime:0.001299s ]
INFO: [ app_begin ] --START--
INFO: ReadHtmlCache Behavior ::run [ RunTime:0.000936s ]
INFO: [ app_begin ] --END-- [ RunTime:0.001041s ]

[ 2013-08-23T01:48:26+08:00 ] 127.0.0.1 /User/usergroup?_dc=1377193706137&page=1&start=0&limit=25
INFO: [ route_check ] --START--
INFO: CheckRoute Behavior ::run [ RunTime:0.001341s ]
INFO: [ route_check ] --END-- [ RunTime:0.001568s ]
INFO: [ app_begin ] --START--
INFO: ReadHtmlCache Behavior ::run [ RunTime:0.001442s ]
INFO: [ app_begin ] --END-- [ RunTime:0.001596s ]
SQL: SHOW COLUMNS FROM `xcrm_user_group` [ RunTime:0.003306s ]
SQL: SELECT * FROM `xcrm_user_group`  [ RunTime:0.000388s ]

[ 2013-08-23T01:48:26+08:00 ] 127.0.0.1 /Menu/product?node=root
INFO: [ route_check ] --START--
INFO: CheckRoute Behavior ::run [ RunTime:0.002567s ]
INFO: [ route_check ] --END-- [ RunTime:0.002846s ]
INFO: [ app_begin ] --START--
INFO: ReadHtmlCache Behavior ::run [ RunTime:0.001332s ]
INFO: [ app_begin ] --END-- [ RunTime:0.001524s ]

[ 2013-08-23T01:49:37+08:00 ] 127.0.0.1 /
INFO: [ app_begin ] --START--
INFO: ReadHtmlCache Behavior ::run [ RunTime:0.000767s ]
INFO: [ app_begin ] --END-- [ RunTime:0.000903s ]
INFO: [ view_parse ] --START--
INFO: ParseTemplate Behavior ::run [ RunTime:0.009994s ]
INFO: [ view_parse ] --END-- [ RunTime:0.010139s ]
INFO: [ view_filter ] --START--
INFO: ContentReplace Behavior ::run [ RunTime:0.000635s ]
INFO: TokenBuild Behavior ::run [ RunTime:0.000629s ]
INFO: WriteHtmlCache Behavior ::run [ RunTime:0.000474s ]
INFO: ShowRuntime Behavior ::run [ RunTime:0.000764s ]
INFO: [ view_filter ] --END-- [ RunTime:0.002812s ]
INFO: [ view_end ] --START--
INFO: ShowPageTrace Behavior ::run [ RunTime:0.000856s ]
INFO: [ view_end ] --END-- [ RunTime:0.001010s ]

[ 2013-08-23T01:49:40+08:00 ] 127.0.0.1 /Menu/product?node=root
INFO: [ route_check ] --START--
INFO: CheckRoute Behavior ::run [ RunTime:0.001093s ]
INFO: [ route_check ] --END-- [ RunTime:0.009282s ]
INFO: [ app_begin ] --START--
INFO: ReadHtmlCache Behavior ::run [ RunTime:0.001346s ]
INFO: [ app_begin ] --END-- [ RunTime:0.001519s ]

[ 2013-08-23T01:49:40+08:00 ] 127.0.0.1 /Menu/user?node=root
INFO: [ route_check ] --START--
INFO: CheckRoute Behavior ::run [ RunTime:0.001798s ]
INFO: [ route_check ] --END-- [ RunTime:0.002019s ]
INFO: [ app_begin ] --START--
INFO: ReadHtmlCache Behavior ::run [ RunTime:0.001269s ]
INFO: [ app_begin ] --END-- [ RunTime:0.001463s ]

[ 2013-08-23T01:49:40+08:00 ] 127.0.0.1 /User/usergroup?_dc=1377193780337&page=1&start=0&limit=25
INFO: [ route_check ] --START--
INFO: CheckRoute Behavior ::run [ RunTime:0.001622s ]
INFO: [ route_check ] --END-- [ RunTime:0.002142s ]
INFO: [ app_begin ] --START--
INFO: ReadHtmlCache Behavior ::run [ RunTime:0.004169s ]
INFO: [ app_begin ] --END-- [ RunTime:0.004286s ]
SQL: SHOW COLUMNS FROM `xcrm_user_group` [ RunTime:0.003382s ]
SQL: SELECT * FROM `xcrm_user_group`  [ RunTime:0.000356s ]

[ 2013-08-23T01:49:40+08:00 ] 127.0.0.1 /Menu/customer?node=root
INFO: [ route_check ] --START--
INFO: CheckRoute Behavior ::run [ RunTime:0.001366s ]
INFO: [ route_check ] --END-- [ RunTime:0.001554s ]
INFO: [ app_begin ] --START--
INFO: ReadHtmlCache Behavior ::run [ RunTime:0.000805s ]
INFO: [ app_begin ] --END-- [ RunTime:0.000916s ]

[ 2013-08-23T01:49:42+08:00 ] 127.0.0.1 /ProductCategory/read?_dc=1377193781986&page=1&start=0&limit=10
INFO: [ route_check ] --START--
INFO: CheckRoute Behavior ::run [ RunTime:0.004289s ]
INFO: [ route_check ] --END-- [ RunTime:0.004452s ]
INFO: [ app_begin ] --START--
INFO: ReadHtmlCache Behavior ::run [ RunTime:0.000678s ]
INFO: [ app_begin ] --END-- [ RunTime:0.000785s ]
ERR: 无法加载模块:ProductCategory

[ 2013-08-23T01:49:53+08:00 ] 127.0.0.1 /
INFO: [ app_begin ] --START--
INFO: ReadHtmlCache Behavior ::run [ RunTime:0.000755s ]
INFO: [ app_begin ] --END-- [ RunTime:0.000909s ]
INFO: [ view_parse ] --START--
INFO: ParseTemplate Behavior ::run [ RunTime:0.009655s ]
INFO: [ view_parse ] --END-- [ RunTime:0.009828s ]
INFO: [ view_filter ] --START--
INFO: ContentReplace Behavior ::run [ RunTime:0.000638s ]
INFO: TokenBuild Behavior ::run [ RunTime:0.000616s ]
INFO: WriteHtmlCache Behavior ::run [ RunTime:0.000472s ]
INFO: ShowRuntime Behavior ::run [ RunTime:0.000672s ]
INFO: [ view_filter ] --END-- [ RunTime:0.002708s ]
INFO: [ view_end ] --START--
INFO: ShowPageTrace Behavior ::run [ RunTime:0.000778s ]
INFO: [ view_end ] --END-- [ RunTime:0.000887s ]

[ 2013-08-23T01:49:56+08:00 ] 127.0.0.1 /Menu/product?node=root
INFO: [ route_check ] --START--
INFO: CheckRoute Behavior ::run [ RunTime:0.000806s ]
INFO: [ route_check ] --END-- [ RunTime:0.000938s ]
INFO: [ app_begin ] --START--
INFO: ReadHtmlCache Behavior ::run [ RunTime:0.000597s ]
INFO: [ app_begin ] --END-- [ RunTime:0.000692s ]

[ 2013-08-23T01:49:56+08:00 ] 127.0.0.1 /Menu/customer?node=root
INFO: [ route_check ] --START--
INFO: CheckRoute Behavior ::run [ RunTime:0.001030s ]
INFO: [ route_check ] --END-- [ RunTime:0.001176s ]
INFO: [ app_begin ] --START--
INFO: ReadHtmlCache Behavior ::run [ RunTime:0.000908s ]
INFO: [ app_begin ] --END-- [ RunTime:0.001016s ]

[ 2013-08-23T01:49:56+08:00 ] 127.0.0.1 /User/usergroup?_dc=1377193796452&page=1&start=0&limit=25
INFO: [ route_check ] --START--
INFO: CheckRoute Behavior ::run [ RunTime:0.000844s ]
INFO: [ route_check ] --END-- [ RunTime:0.000984s ]
INFO: [ app_begin ] --START--
INFO: ReadHtmlCache Behavior ::run [ RunTime:0.000622s ]
INFO: [ app_begin ] --END-- [ RunTime:0.000728s ]
SQL: SHOW COLUMNS FROM `xcrm_user_group` [ RunTime:0.003599s ]
SQL: SELECT * FROM `xcrm_user_group`  [ RunTime:0.000301s ]

[ 2013-08-23T01:49:56+08:00 ] 127.0.0.1 /Menu/user?node=root
INFO: [ route_check ] --START--
INFO: CheckRoute Behavior ::run [ RunTime:0.001292s ]
INFO: [ route_check ] --END-- [ RunTime:0.001798s ]
INFO: [ app_begin ] --START--
INFO: ReadHtmlCache Behavior ::run [ RunTime:0.001084s ]
INFO: [ app_begin ] --END-- [ RunTime:0.001198s ]

[ 2013-08-23T01:50:55+08:00 ] 127.0.0.1 /
INFO: [ app_begin ] --START--
INFO: ReadHtmlCache Behavior ::run [ RunTime:0.001058s ]
INFO: [ app_begin ] --END-- [ RunTime:0.001227s ]
INFO: [ view_parse ] --START--
INFO: ParseTemplate Behavior ::run [ RunTime:0.010656s ]
INFO: [ view_parse ] --END-- [ RunTime:0.010803s ]
INFO: [ view_filter ] --START--
INFO: ContentReplace Behavior ::run [ RunTime:0.000693s ]
INFO: TokenBuild Behavior ::run [ RunTime:0.000710s ]
INFO: WriteHtmlCache Behavior ::run [ RunTime:0.000465s ]
INFO: ShowRuntime Behavior ::run [ RunTime:0.000716s ]
INFO: [ view_filter ] --END-- [ RunTime:0.002886s ]
INFO: [ view_end ] --START--
INFO: ShowPageTrace Behavior ::run [ RunTime:0.000845s ]
INFO: [ view_end ] --END-- [ RunTime:0.000949s ]

[ 2013-08-23T01:50:58+08:00 ] 127.0.0.1 /Menu/product?node=root
INFO: [ route_check ] --START--
INFO: CheckRoute Behavior ::run [ RunTime:0.001260s ]
INFO: [ route_check ] --END-- [ RunTime:0.001464s ]
INFO: [ app_begin ] --START--
INFO: ReadHtmlCache Behavior ::run [ RunTime:0.000686s ]
INFO: [ app_begin ] --END-- [ RunTime:0.000802s ]

[ 2013-08-23T01:50:58+08:00 ] 127.0.0.1 /Menu/user?node=root
INFO: [ route_check ] --START--
INFO: CheckRoute Behavior ::run [ RunTime:0.001071s ]
INFO: [ route_check ] --END-- [ RunTime:0.001232s ]
INFO: [ app_begin ] --START--
INFO: ReadHtmlCache Behavior ::run [ RunTime:0.000772s ]
INFO: [ app_begin ] --END-- [ RunTime:0.000925s ]

[ 2013-08-23T01:50:58+08:00 ] 127.0.0.1 /Menu/customer?node=root
INFO: [ route_check ] --START--
INFO: CheckRoute Behavior ::run [ RunTime:0.002412s ]
INFO: [ route_check ] --END-- [ RunTime:0.002636s ]
INFO: [ app_begin ] --START--
INFO: ReadHtmlCache Behavior ::run [ RunTime:0.001001s ]
INFO: [ app_begin ] --END-- [ RunTime:0.001108s ]

[ 2013-08-23T01:50:58+08:00 ] 127.0.0.1 /User/usergroup?_dc=1377193858333&page=1&start=0&limit=25
INFO: [ route_check ] --START--
INFO: CheckRoute Behavior ::run [ RunTime:0.001209s ]
INFO: [ route_check ] --END-- [ RunTime:0.001350s ]
INFO: [ app_begin ] --START--
INFO: ReadHtmlCache Behavior ::run [ RunTime:0.000885s ]
INFO: [ app_begin ] --END-- [ RunTime:0.000993s ]
SQL: SHOW COLUMNS FROM `xcrm_user_group` [ RunTime:0.003043s ]
SQL: SELECT * FROM `xcrm_user_group`  [ RunTime:0.000269s ]

[ 2013-08-23T01:51:15+08:00 ] 127.0.0.1 /User/read?_dc=1377193875743&page=1&start=0&limit=25
INFO: [ route_check ] --START--
INFO: CheckRoute Behavior ::run [ RunTime:0.000951s ]
INFO: [ route_check ] --END-- [ RunTime:0.001095s ]
INFO: [ app_begin ] --START--
INFO: ReadHtmlCache Behavior ::run [ RunTime:0.000640s ]
INFO: [ app_begin ] --END-- [ RunTime:0.000745s ]
SQL: SHOW COLUMNS FROM `xcrm_user` [ RunTime:0.002636s ]
SQL: SELECT COUNT(*) AS tp_count FROM `xcrm_user` LIMIT 1   [ RunTime:0.000281s ]
SQL: SELECT * FROM `xcrm_user` ORDER BY uid DESC LIMIT 0,25   [ RunTime:0.000306s ]

[ 2013-08-23T23:12:35+08:00 ] 127.0.0.1 /
INFO: [ app_begin ] --START--
INFO: ReadHtmlCache Behavior ::run [ RunTime:0.001800s ]
INFO: [ app_begin ] --END-- [ RunTime:0.002073s ]
INFO: [ view_parse ] --START--
INFO: ParseTemplate Behavior ::run [ RunTime:0.029038s ]
INFO: [ view_parse ] --END-- [ RunTime:0.029283s ]
INFO: [ view_filter ] --START--
INFO: ContentReplace Behavior ::run [ RunTime:0.000640s ]
INFO: TokenBuild Behavior ::run [ RunTime:0.000616s ]
INFO: WriteHtmlCache Behavior ::run [ RunTime:0.000466s ]
INFO: ShowRuntime Behavior ::run [ RunTime:0.000689s ]
INFO: [ view_filter ] --END-- [ RunTime:0.002716s ]
INFO: [ view_end ] --START--
INFO: ShowPageTrace Behavior ::run [ RunTime:0.000812s ]
INFO: [ view_end ] --END-- [ RunTime:0.000919s ]

[ 2013-08-23T23:12:43+08:00 ] 127.0.0.1 /Member/doLogin
INFO: [ route_check ] --START--
INFO: CheckRoute Behavior ::run [ RunTime:0.001272s ]
INFO: [ route_check ] --END-- [ RunTime:0.001483s ]
INFO: [ app_begin ] --START--
INFO: ReadHtmlCache Behavior ::run [ RunTime:0.000556s ]
INFO: [ app_begin ] --END-- [ RunTime:0.000671s ]
SQL: SHOW COLUMNS FROM `xcrm_user` [ RunTime:0.068368s ]
SQL: SELECT `uid` FROM `xcrm_user` WHERE ( `username` = 'admin' ) AND ( `password` = '21232f297a57a5a743894a0e4a801fc3' ) LIMIT 1   [ RunTime:0.009755s ]

[ 2013-08-23T23:12:43+08:00 ] 127.0.0.1 /
INFO: [ app_begin ] --START--
INFO: ReadHtmlCache Behavior ::run [ RunTime:0.001145s ]
INFO: [ app_begin ] --END-- [ RunTime:0.001321s ]
INFO: [ view_parse ] --START--
INFO: ParseTemplate Behavior ::run [ RunTime:0.007692s ]
INFO: [ view_parse ] --END-- [ RunTime:0.007841s ]
INFO: [ view_filter ] --START--
INFO: ContentReplace Behavior ::run [ RunTime:0.000483s ]
INFO: TokenBuild Behavior ::run [ RunTime:0.000478s ]
INFO: WriteHtmlCache Behavior ::run [ RunTime:0.000321s ]
INFO: ShowRuntime Behavior ::run [ RunTime:0.000590s ]
INFO: [ view_filter ] --END-- [ RunTime:0.002159s ]
INFO: [ view_end ] --START--
INFO: ShowPageTrace Behavior ::run [ RunTime:0.000651s ]
INFO: [ view_end ] --END-- [ RunTime:0.000755s ]

[ 2013-08-23T23:12:44+08:00 ] 127.0.0.1 /Menu/customer?node=root
INFO: [ route_check ] --START--
INFO: CheckRoute Behavior ::run [ RunTime:0.001223s ]
INFO: [ route_check ] --END-- [ RunTime:0.001360s ]
INFO: [ app_begin ] --START--
INFO: ReadHtmlCache Behavior ::run [ RunTime:0.001997s ]
INFO: [ app_begin ] --END-- [ RunTime:0.002110s ]

[ 2013-08-23T23:12:44+08:00 ] 127.0.0.1 /Menu/product?node=root
INFO: [ route_check ] --START--
INFO: CheckRoute Behavior ::run [ RunTime:0.002314s ]
INFO: [ route_check ] --END-- [ RunTime:0.002437s ]
INFO: [ app_begin ] --START--
INFO: ReadHtmlCache Behavior ::run [ RunTime:0.000751s ]
INFO: [ app_begin ] --END-- [ RunTime:0.000848s ]

[ 2013-08-23T23:12:44+08:00 ] 127.0.0.1 /User/usergroup?_dc=1377270764138&page=1&start=0&limit=25
INFO: [ route_check ] --START--
INFO: CheckRoute Behavior ::run [ RunTime:0.001783s ]
INFO: [ route_check ] --END-- [ RunTime:0.002013s ]
INFO: [ app_begin ] --START--
INFO: ReadHtmlCache Behavior ::run [ RunTime:0.001315s ]
INFO: [ app_begin ] --END-- [ RunTime:0.001509s ]
SQL: SHOW COLUMNS FROM `xcrm_user_group` [ RunTime:0.109269s ]
SQL: SELECT * FROM `xcrm_user_group`  [ RunTime:0.000731s ]

[ 2013-08-23T23:12:44+08:00 ] 127.0.0.1 /Menu/user?node=root
INFO: [ route_check ] --START--
INFO: CheckRoute Behavior ::run [ RunTime:0.001376s ]
INFO: [ route_check ] --END-- [ RunTime:0.001574s ]
INFO: [ app_begin ] --START--
INFO: ReadHtmlCache Behavior ::run [ RunTime:0.000991s ]
INFO: [ app_begin ] --END-- [ RunTime:0.001156s ]

[ 2013-08-23T23:16:18+08:00 ] 127.0.0.1 /Product/read?_dc=1377270978164&page=1&start=0&limit=10
INFO: [ route_check ] --START--
INFO: CheckRoute Behavior ::run [ RunTime:0.002148s ]
INFO: [ route_check ] --END-- [ RunTime:0.002487s ]
INFO: [ app_begin ] --START--
INFO: ReadHtmlCache Behavior ::run [ RunTime:0.001403s ]
INFO: [ app_begin ] --END-- [ RunTime:0.001597s ]
SQL: SHOW COLUMNS FROM `xcrm_product` [ RunTime:0.075108s ]
SQL: SELECT COUNT(*) AS tp_count FROM `xcrm_product` LIMIT 1   [ RunTime:0.000930s ]
SQL: SELECT * FROM `xcrm_product` ORDER BY id DESC LIMIT 0,10   [ RunTime:0.001049s ]

[ 2013-08-23T23:16:26+08:00 ] 127.0.0.1 /Customer/read?_dc=1377270986066&page=1&start=0&limit=10
INFO: [ route_check ] --START--
INFO: CheckRoute Behavior ::run [ RunTime:0.000973s ]
INFO: [ route_check ] --END-- [ RunTime:0.001123s ]
INFO: [ app_begin ] --START--
INFO: ReadHtmlCache Behavior ::run [ RunTime:0.000685s ]
INFO: [ app_begin ] --END-- [ RunTime:0.000813s ]
SQL: SHOW COLUMNS FROM `xcrm_customer` [ RunTime:0.069032s ]
SQL: SELECT COUNT(*) AS tp_count FROM `xcrm_customer` LIMIT 1   [ RunTime:0.000803s ]
SQL: SELECT * FROM `xcrm_customer` ORDER BY id DESC LIMIT 0,10   [ RunTime:0.000975s ]

[ 2013-08-23T23:16:34+08:00 ] 127.0.0.1 /Customer/read?_dc=1377270994212&page=1&start=0&limit=10
INFO: [ route_check ] --START--
INFO: CheckRoute Behavior ::run [ RunTime:0.000816s ]
INFO: [ route_check ] --END-- [ RunTime:0.000939s ]
INFO: [ app_begin ] --START--
INFO: ReadHtmlCache Behavior ::run [ RunTime:0.000706s ]
INFO: [ app_begin ] --END-- [ RunTime:0.000820s ]
SQL: SHOW COLUMNS FROM `xcrm_customer` [ RunTime:0.002499s ]
SQL: SELECT COUNT(*) AS tp_count FROM `xcrm_customer` LIMIT 1   [ RunTime:0.000312s ]
SQL: SELECT * FROM `xcrm_customer` ORDER BY id DESC LIMIT 0,10   [ RunTime:0.000306s ]

[ 2013-08-23T23:16:48+08:00 ] 127.0.0.1 /Product/read?_dc=1377271008572&page=1&start=0&limit=10
INFO: [ route_check ] --START--
INFO: CheckRoute Behavior ::run [ RunTime:0.001572s ]
INFO: [ route_check ] --END-- [ RunTime:0.001806s ]
INFO: [ app_begin ] --START--
INFO: ReadHtmlCache Behavior ::run [ RunTime:0.001155s ]
INFO: [ app_begin ] --END-- [ RunTime:0.001336s ]
SQL: SHOW COLUMNS FROM `xcrm_product` [ RunTime:0.002603s ]
SQL: SELECT COUNT(*) AS tp_count FROM `xcrm_product` LIMIT 1   [ RunTime:0.000299s ]
SQL: SELECT * FROM `xcrm_product` ORDER BY id DESC LIMIT 0,10   [ RunTime:0.000314s ]

[ 2013-08-23T23:17:38+08:00 ] 127.0.0.1 /Product/read?_dc=1377271057945&page=2&start=10&limit=10
INFO: [ route_check ] --START--
INFO: CheckRoute Behavior ::run [ RunTime:0.001087s ]
INFO: [ route_check ] --END-- [ RunTime:0.001210s ]
INFO: [ app_begin ] --START--
INFO: ReadHtmlCache Behavior ::run [ RunTime:0.000692s ]
INFO: [ app_begin ] --END-- [ RunTime:0.000779s ]
SQL: SHOW COLUMNS FROM `xcrm_product` [ RunTime:0.002755s ]
SQL: SELECT COUNT(*) AS tp_count FROM `xcrm_product` LIMIT 1   [ RunTime:0.000514s ]
SQL: SELECT * FROM `xcrm_product` ORDER BY id DESC LIMIT 10,10   [ RunTime:0.000323s ]

[ 2013-08-23T23:17:40+08:00 ] 127.0.0.1 /Product/read?_dc=1377271060133&page=1&start=0&limit=10
INFO: [ route_check ] --START--
INFO: CheckRoute Behavior ::run [ RunTime:0.001148s ]
INFO: [ route_check ] --END-- [ RunTime:0.001326s ]
INFO: [ app_begin ] --START--
INFO: ReadHtmlCache Behavior ::run [ RunTime:0.000842s ]
INFO: [ app_begin ] --END-- [ RunTime:0.000972s ]
SQL: SHOW COLUMNS FROM `xcrm_product` [ RunTime:0.003647s ]
SQL: SELECT COUNT(*) AS tp_count FROM `xcrm_product` LIMIT 1   [ RunTime:0.000431s ]
SQL: SELECT * FROM `xcrm_product` ORDER BY id DESC LIMIT 0,10   [ RunTime:0.000549s ]

[ 2013-08-23T23:17:42+08:00 ] 127.0.0.1 /Product/read?_dc=1377271062003&page=2&start=10&limit=10
INFO: [ route_check ] --START--
INFO: CheckRoute Behavior ::run [ RunTime:0.000818s ]
INFO: [ route_check ] --END-- [ RunTime:0.000950s ]
INFO: [ app_begin ] --START--
INFO: ReadHtmlCache Behavior ::run [ RunTime:0.000569s ]
INFO: [ app_begin ] --END-- [ RunTime:0.000658s ]
SQL: SHOW COLUMNS FROM `xcrm_product` [ RunTime:0.002653s ]
SQL: SELECT COUNT(*) AS tp_count FROM `xcrm_product` LIMIT 1   [ RunTime:0.000340s ]
SQL: SELECT * FROM `xcrm_product` ORDER BY id DESC LIMIT 10,10   [ RunTime:0.000361s ]

[ 2013-08-23T23:18:00+08:00 ] 127.0.0.1 /User/read?_dc=1377271080669&page=1&start=0&limit=25
INFO: [ route_check ] --START--
INFO: CheckRoute Behavior ::run [ RunTime:0.001250s ]
INFO: [ route_check ] --END-- [ RunTime:0.001474s ]
INFO: [ app_begin ] --START--
INFO: ReadHtmlCache Behavior ::run [ RunTime:0.000846s ]
INFO: [ app_begin ] --END-- [ RunTime:0.000970s ]
SQL: SHOW COLUMNS FROM `xcrm_user` [ RunTime:0.002470s ]
SQL: SELECT COUNT(*) AS tp_count FROM `xcrm_user` LIMIT 1   [ RunTime:0.000273s ]
SQL: SELECT * FROM `xcrm_user` ORDER BY uid DESC LIMIT 0,25   [ RunTime:0.000278s ]

[ 2013-08-23T23:18:20+08:00 ] 127.0.0.1 /Product/read?_dc=1377271100076&page=2&start=10&limit=10
INFO: [ route_check ] --START--
INFO: CheckRoute Behavior ::run [ RunTime:0.001172s ]
INFO: [ route_check ] --END-- [ RunTime:0.001347s ]
INFO: [ app_begin ] --START--
INFO: ReadHtmlCache Behavior ::run [ RunTime:0.000733s ]
INFO: [ app_begin ] --END-- [ RunTime:0.000825s ]
SQL: SHOW COLUMNS FROM `xcrm_product` [ RunTime:0.002780s ]
SQL: SELECT COUNT(*) AS tp_count FROM `xcrm_product` LIMIT 1   [ RunTime:0.000258s ]
SQL: SELECT * FROM `xcrm_product` ORDER BY id DESC LIMIT 10,10   [ RunTime:0.000262s ]

[ 2013-08-23T23:36:40+08:00 ] 127.0.0.1 /User/read?_dc=1377272199935&page=1&start=0&limit=25
INFO: [ route_check ] --START--
INFO: CheckRoute Behavior ::run [ RunTime:0.014929s ]
INFO: [ route_check ] --END-- [ RunTime:0.015478s ]
INFO: [ app_begin ] --START--
INFO: ReadHtmlCache Behavior ::run [ RunTime:0.014975s ]
INFO: [ app_begin ] --END-- [ RunTime:0.015344s ]
SQL: SHOW COLUMNS FROM `xcrm_user` [ RunTime:0.022006s ]
SQL: SELECT COUNT(*) AS tp_count FROM `xcrm_user` LIMIT 1   [ RunTime:0.000491s ]
SQL: SELECT * FROM `xcrm_user` ORDER BY uid DESC LIMIT 0,25   [ RunTime:0.000506s ]

[ 2013-08-23T23:36:45+08:00 ] 127.0.0.1 /User/read?_dc=1377272205341&page=1&start=0&limit=25
INFO: [ route_check ] --START--
INFO: CheckRoute Behavior ::run [ RunTime:0.001080s ]
INFO: [ route_check ] --END-- [ RunTime:0.001262s ]
INFO: [ app_begin ] --START--
INFO: ReadHtmlCache Behavior ::run [ RunTime:0.000864s ]
INFO: [ app_begin ] --END-- [ RunTime:0.000962s ]
SQL: SHOW COLUMNS FROM `xcrm_user` [ RunTime:0.002481s ]
SQL: SELECT COUNT(*) AS tp_count FROM `xcrm_user` LIMIT 1   [ RunTime:0.000218s ]
SQL: SELECT * FROM `xcrm_user` ORDER BY uid DESC LIMIT 0,25   [ RunTime:0.000193s ]

[ 2013-08-23T23:37:01+08:00 ] 127.0.0.1 /Product/read?_dc=1377272221129&page=2&start=10&limit=10
INFO: [ route_check ] --START--
INFO: CheckRoute Behavior ::run [ RunTime:0.000941s ]
INFO: [ route_check ] --END-- [ RunTime:0.001123s ]
INFO: [ app_begin ] --START--
INFO: ReadHtmlCache Behavior ::run [ RunTime:0.000794s ]
INFO: [ app_begin ] --END-- [ RunTime:0.000915s ]
SQL: SHOW COLUMNS FROM `xcrm_product` [ RunTime:0.021898s ]
SQL: SELECT COUNT(*) AS tp_count FROM `xcrm_product` LIMIT 1   [ RunTime:0.000481s ]
SQL: SELECT * FROM `xcrm_product` ORDER BY id DESC LIMIT 10,10   [ RunTime:0.000665s ]

[ 2013-08-23T23:45:38+08:00 ] 127.0.0.1 /Product/read?_dc=1377272738761&page=2&start=10&limit=10
INFO: [ route_check ] --START--
INFO: CheckRoute Behavior ::run [ RunTime:0.001250s ]
INFO: [ route_check ] --END-- [ RunTime:0.001453s ]
INFO: [ app_begin ] --START--
INFO: ReadHtmlCache Behavior ::run [ RunTime:0.000852s ]
INFO: [ app_begin ] --END-- [ RunTime:0.000980s ]
SQL: SHOW COLUMNS FROM `xcrm_product` [ RunTime:0.003112s ]
SQL: SELECT COUNT(*) AS tp_count FROM `xcrm_product` LIMIT 1   [ RunTime:0.000351s ]
SQL: SELECT * FROM `xcrm_product` ORDER BY id DESC LIMIT 10,10   [ RunTime:0.000385s ]

