[ 2013-08-20T23:38:33+08:00 ] 127.0.0.1 /
INFO: [ app_begin ] --START--
INFO: ReadHtmlCache Behavior ::run [ RunTime:0.018319s ]
INFO: [ app_begin ] --END-- [ RunTime:0.018915s ]
INFO: [ view_parse ] --START--
INFO: ParseTemplate Behavior ::run [ RunTime:0.082737s ]
INFO: [ view_parse ] --END-- [ RunTime:0.083142s ]
INFO: [ view_filter ] --START--
INFO: ContentReplace Behavior ::run [ RunTime:0.028033s ]
INFO: TokenBuild Behavior ::run [ RunTime:0.035069s ]
INFO: WriteHtmlCache Behavior ::run [ RunTime:0.012038s ]
INFO: ShowRuntime Behavior ::run [ RunTime:0.012494s ]
INFO: [ view_filter ] --END-- [ RunTime:0.088204s ]
INFO: [ view_end ] --START--
INFO: ShowPageTrace Behavior ::run [ RunTime:0.007518s ]
INFO: [ view_end ] --END-- [ RunTime:0.007711s ]

[ 2013-08-20T23:38:37+08:00 ] 127.0.0.1 /Member/doLogin
INFO: [ route_check ] --START--
INFO: CheckRoute Behavior ::run [ RunTime:0.046928s ]
INFO: [ route_check ] --END-- [ RunTime:0.047118s ]
INFO: [ app_begin ] --START--
INFO: ReadHtmlCache Behavior ::run [ RunTime:0.000709s ]
INFO: [ app_begin ] --END-- [ RunTime:0.000817s ]
SQL: SHOW COLUMNS FROM `xcrm_user` [ RunTime:0.090553s ]
SQL: SELECT `uid` FROM `xcrm_user` WHERE ( `username` = 'admin' ) AND ( `password` = '21232f297a57a5a743894a0e4a801fc3' ) LIMIT 1   [ RunTime:0.009945s ]

[ 2013-08-20T23:38:37+08:00 ] 127.0.0.1 /
INFO: [ app_begin ] --START--
INFO: ReadHtmlCache Behavior ::run [ RunTime:0.001172s ]
INFO: [ app_begin ] --END-- [ RunTime:0.001368s ]
INFO: [ view_parse ] --START--
INFO: ParseTemplate Behavior ::run [ RunTime:0.011157s ]
INFO: [ view_parse ] --END-- [ RunTime:0.011346s ]
INFO: [ view_filter ] --START--
INFO: ContentReplace Behavior ::run [ RunTime:0.000677s ]
INFO: TokenBuild Behavior ::run [ RunTime:0.000740s ]
INFO: WriteHtmlCache Behavior ::run [ RunTime:0.000535s ]
INFO: ShowRuntime Behavior ::run [ RunTime:0.000552s ]
INFO: [ view_filter ] --END-- [ RunTime:0.002882s ]
INFO: [ view_end ] --START--
INFO: ShowPageTrace Behavior ::run [ RunTime:0.000603s ]
INFO: [ view_end ] --END-- [ RunTime:0.000696s ]

[ 2013-08-20T23:38:38+08:00 ] 127.0.0.1 /Menu/user?node=root
INFO: [ route_check ] --START--
INFO: CheckRoute Behavior ::run [ RunTime:0.000838s ]
INFO: [ route_check ] --END-- [ RunTime:0.000984s ]
INFO: [ app_begin ] --START--
INFO: ReadHtmlCache Behavior ::run [ RunTime:0.000599s ]
INFO: [ app_begin ] --END-- [ RunTime:0.000693s ]

[ 2013-08-20T23:38:38+08:00 ] 127.0.0.1 /Menu/customer?node=root
INFO: [ route_check ] --START--
INFO: CheckRoute Behavior ::run [ RunTime:0.002974s ]
INFO: [ route_check ] --END-- [ RunTime:0.003109s ]
INFO: [ app_begin ] --START--
INFO: ReadHtmlCache Behavior ::run [ RunTime:0.000855s ]
INFO: [ app_begin ] --END-- [ RunTime:0.000961s ]

[ 2013-08-20T23:38:38+08:00 ] 127.0.0.1 /Menu/product?node=root
INFO: [ route_check ] --START--
INFO: CheckRoute Behavior ::run [ RunTime:0.001136s ]
INFO: [ route_check ] --END-- [ RunTime:0.001267s ]
INFO: [ app_begin ] --START--
INFO: ReadHtmlCache Behavior ::run [ RunTime:0.000731s ]
INFO: [ app_begin ] --END-- [ RunTime:0.000824s ]

[ 2013-08-20T23:38:38+08:00 ] 127.0.0.1 /User/usergroup?_dc=1377013118125&page=1&start=0&limit=25
INFO: [ route_check ] --START--
INFO: CheckRoute Behavior ::run [ RunTime:0.000843s ]
INFO: [ route_check ] --END-- [ RunTime:0.001004s ]
INFO: [ app_begin ] --START--
INFO: ReadHtmlCache Behavior ::run [ RunTime:0.000782s ]
INFO: [ app_begin ] --END-- [ RunTime:0.000873s ]
SQL: SHOW COLUMNS FROM `xcrm_user_group` [ RunTime:0.038335s ]
SQL: SELECT * FROM `xcrm_user_group`  [ RunTime:0.000391s ]

[ 2013-08-20T23:38:42+08:00 ] 127.0.0.1 /User/read?_dc=1377013122296&page=1&start=0&limit=25
INFO: [ route_check ] --START--
INFO: CheckRoute Behavior ::run [ RunTime:0.001553s ]
INFO: [ route_check ] --END-- [ RunTime:0.001805s ]
INFO: [ app_begin ] --START--
INFO: ReadHtmlCache Behavior ::run [ RunTime:0.001035s ]
INFO: [ app_begin ] --END-- [ RunTime:0.001227s ]
SQL: SHOW COLUMNS FROM `xcrm_user` [ RunTime:0.002464s ]
SQL: SELECT COUNT(*) AS tp_count FROM `xcrm_user` LIMIT 1   [ RunTime:0.000258s ]
SQL: SELECT * FROM `xcrm_user` ORDER BY uid DESC LIMIT 0,25   [ RunTime:0.000304s ]

[ 2013-08-20T23:38:50+08:00 ] 127.0.0.1 /Product/read?_dc=1377013130176&page=1&start=0&limit=10
INFO: [ route_check ] --START--
INFO: CheckRoute Behavior ::run [ RunTime:0.000885s ]
INFO: [ route_check ] --END-- [ RunTime:0.001018s ]
INFO: [ app_begin ] --START--
INFO: ReadHtmlCache Behavior ::run [ RunTime:0.000642s ]
INFO: [ app_begin ] --END-- [ RunTime:0.000756s ]
SQL: SHOW COLUMNS FROM `xcrm_product` [ RunTime:0.042724s ]
SQL: SELECT COUNT(*) AS tp_count FROM `xcrm_product` LIMIT 1   [ RunTime:0.000483s ]
SQL: SELECT * FROM `xcrm_product` ORDER BY id DESC LIMIT 0,10   [ RunTime:0.000610s ]

[ 2013-08-20T23:52:28+08:00 ] 127.0.0.1 /User/read?_dc=1377013947988&page=1&start=0&limit=25
INFO: [ route_check ] --START--
INFO: CheckRoute Behavior ::run [ RunTime:0.001121s ]
INFO: [ route_check ] --END-- [ RunTime:0.001251s ]
INFO: [ app_begin ] --START--
INFO: ReadHtmlCache Behavior ::run [ RunTime:0.000769s ]
INFO: [ app_begin ] --END-- [ RunTime:0.000867s ]
SQL: SHOW COLUMNS FROM `xcrm_user` [ RunTime:0.002519s ]
SQL: SELECT COUNT(*) AS tp_count FROM `xcrm_user` LIMIT 1   [ RunTime:0.000294s ]
SQL: SELECT * FROM `xcrm_user` ORDER BY uid DESC LIMIT 0,25   [ RunTime:0.000337s ]

[ 2013-08-20T23:52:31+08:00 ] 127.0.0.1 /User/read?_dc=1377013951205&page=1&start=0&limit=25
INFO: [ route_check ] --START--
INFO: CheckRoute Behavior ::run [ RunTime:0.001008s ]
INFO: [ route_check ] --END-- [ RunTime:0.001140s ]
INFO: [ app_begin ] --START--
INFO: ReadHtmlCache Behavior ::run [ RunTime:0.000701s ]
INFO: [ app_begin ] --END-- [ RunTime:0.000793s ]
SQL: SHOW COLUMNS FROM `xcrm_user` [ RunTime:0.002514s ]
SQL: SELECT COUNT(*) AS tp_count FROM `xcrm_user` LIMIT 1   [ RunTime:0.000259s ]
SQL: SELECT * FROM `xcrm_user` ORDER BY uid DESC LIMIT 0,25   [ RunTime:0.000341s ]

[ 2013-08-20T23:52:34+08:00 ] 127.0.0.1 /Product/read?_dc=1377013954647&page=1&start=0&limit=10
INFO: [ route_check ] --START--
INFO: CheckRoute Behavior ::run [ RunTime:0.000868s ]
INFO: [ route_check ] --END-- [ RunTime:0.000990s ]
INFO: [ app_begin ] --START--
INFO: ReadHtmlCache Behavior ::run [ RunTime:0.000628s ]
INFO: [ app_begin ] --END-- [ RunTime:0.000717s ]
SQL: SHOW COLUMNS FROM `xcrm_product` [ RunTime:0.002863s ]
SQL: SELECT COUNT(*) AS tp_count FROM `xcrm_product` LIMIT 1   [ RunTime:0.000285s ]
SQL: SELECT * FROM `xcrm_product` ORDER BY id DESC LIMIT 0,10   [ RunTime:0.000345s ]

[ 2013-08-20T23:56:35+08:00 ] 127.0.0.1 /Product/read?_dc=1377014195276&page=2&start=10&limit=10
INFO: [ route_check ] --START--
INFO: CheckRoute Behavior ::run [ RunTime:0.001233s ]
INFO: [ route_check ] --END-- [ RunTime:0.001425s ]
INFO: [ app_begin ] --START--
INFO: ReadHtmlCache Behavior ::run [ RunTime:0.000718s ]
INFO: [ app_begin ] --END-- [ RunTime:0.000809s ]
SQL: SHOW COLUMNS FROM `xcrm_product` [ RunTime:0.095808s ]
SQL: SELECT COUNT(*) AS tp_count FROM `xcrm_product` LIMIT 1   [ RunTime:0.000592s ]
SQL: SELECT * FROM `xcrm_product` ORDER BY id DESC LIMIT 10,10   [ RunTime:0.000628s ]

[ 2013-08-20T23:56:59+08:00 ] 127.0.0.1 /Product/read?_dc=1377014219024&page=2&start=10&limit=10
INFO: [ route_check ] --START--
INFO: CheckRoute Behavior ::run [ RunTime:0.001301s ]
INFO: [ route_check ] --END-- [ RunTime:0.001465s ]
INFO: [ app_begin ] --START--
INFO: ReadHtmlCache Behavior ::run [ RunTime:0.000846s ]
INFO: [ app_begin ] --END-- [ RunTime:0.000938s ]
SQL: SHOW COLUMNS FROM `xcrm_product` [ RunTime:0.066782s ]
SQL: SELECT COUNT(*) AS tp_count FROM `xcrm_product` LIMIT 1   [ RunTime:0.000321s ]
SQL: SELECT * FROM `xcrm_product` ORDER BY id DESC LIMIT 10,10   [ RunTime:0.000307s ]

[ 2013-08-20T23:57:00+08:00 ] 127.0.0.1 /Product/read?_dc=1377014220391&page=1&start=0&limit=10
INFO: [ route_check ] --START--
INFO: CheckRoute Behavior ::run [ RunTime:0.000946s ]
INFO: [ route_check ] --END-- [ RunTime:0.001110s ]
INFO: [ app_begin ] --START--
INFO: ReadHtmlCache Behavior ::run [ RunTime:0.000934s ]
INFO: [ app_begin ] --END-- [ RunTime:0.001044s ]
SQL: SHOW COLUMNS FROM `xcrm_product` [ RunTime:0.003124s ]
SQL: SELECT COUNT(*) AS tp_count FROM `xcrm_product` LIMIT 1   [ RunTime:0.000315s ]
SQL: SELECT * FROM `xcrm_product` ORDER BY id DESC LIMIT 0,10   [ RunTime:0.000400s ]

[ 2013-08-20T23:57:09+08:00 ] 127.0.0.1 /Customer/read?_dc=1377014229230&page=1&start=0&limit=10
INFO: [ route_check ] --START--
INFO: CheckRoute Behavior ::run [ RunTime:0.001235s ]
INFO: [ route_check ] --END-- [ RunTime:0.001495s ]
INFO: [ app_begin ] --START--
INFO: ReadHtmlCache Behavior ::run [ RunTime:0.000847s ]
INFO: [ app_begin ] --END-- [ RunTime:0.000950s ]
SQL: SHOW COLUMNS FROM `xcrm_customer` [ RunTime:0.170900s ]
SQL: SELECT COUNT(*) AS tp_count FROM `xcrm_customer` LIMIT 1   [ RunTime:0.000689s ]
SQL: SELECT * FROM `xcrm_customer` ORDER BY id DESC LIMIT 0,10   [ RunTime:0.000944s ]

