[ 2013-12-04T12:26:03+08:00 ] 127.0.0.1 /
INFO: [ app_begin ] --START--
INFO: ReadHtmlCache Behavior ::run [ RunTime:0.002111s ]
INFO: [ app_begin ] --END-- [ RunTime:0.002362s ]
INFO: [ view_parse ] --START--
INFO: ParseTemplate Behavior ::run [ RunTime:0.017370s ]
INFO: [ view_parse ] --END-- [ RunTime:0.017585s ]
INFO: [ view_filter ] --START--
INFO: ContentReplace Behavior ::run [ RunTime:0.001420s ]
INFO: TokenBuild Behavior ::run [ RunTime:0.001573s ]
INFO: WriteHtmlCache Behavior ::run [ RunTime:0.001129s ]
INFO: ShowRuntime Behavior ::run [ RunTime:0.001433s ]
INFO: [ view_filter ] --END-- [ RunTime:0.006011s ]
INFO: [ view_end ] --START--
INFO: ShowPageTrace Behavior ::run [ RunTime:0.001599s ]
INFO: [ view_end ] --END-- [ RunTime:0.001755s ]

[ 2013-12-04T12:26:15+08:00 ] 127.0.0.1 /Member/doLogin
INFO: [ route_check ] --START--
INFO: CheckRoute Behavior ::run [ RunTime:0.002056s ]
INFO: [ route_check ] --END-- [ RunTime:0.002242s ]
INFO: [ app_begin ] --START--
INFO: ReadHtmlCache Behavior ::run [ RunTime:0.001684s ]
INFO: [ app_begin ] --END-- [ RunTime:0.001840s ]
SQL: SHOW COLUMNS FROM `xcrm_user` [ RunTime:0.013678s ]
SQL: SELECT `uid` FROM `xcrm_user` WHERE ( `username` = 'admin' ) AND ( `password` = '77963b7a931377ad4ab5ad6a9cd718aa' ) LIMIT 1   [ RunTime:0.000511s ]

[ 2013-12-04T12:26:23+08:00 ] 127.0.0.1 /Member/doLogin
INFO: [ route_check ] --START--
INFO: CheckRoute Behavior ::run [ RunTime:0.001694s ]
INFO: [ route_check ] --END-- [ RunTime:0.001876s ]
INFO: [ app_begin ] --START--
INFO: ReadHtmlCache Behavior ::run [ RunTime:0.001508s ]
INFO: [ app_begin ] --END-- [ RunTime:0.001654s ]
SQL: SHOW COLUMNS FROM `xcrm_user` [ RunTime:0.004150s ]
SQL: SELECT `uid` FROM `xcrm_user` WHERE ( `username` = 'admin' ) AND ( `password` = 'e10adc3949ba59abbe56e057f20f883e' ) LIMIT 1   [ RunTime:0.000418s ]

[ 2013-12-04T12:26:28+08:00 ] 127.0.0.1 /Member/doLogin
INFO: [ route_check ] --START--
INFO: CheckRoute Behavior ::run [ RunTime:0.001845s ]
INFO: [ route_check ] --END-- [ RunTime:0.002029s ]
INFO: [ app_begin ] --START--
INFO: ReadHtmlCache Behavior ::run [ RunTime:0.001434s ]
INFO: [ app_begin ] --END-- [ RunTime:0.001580s ]
SQL: SHOW COLUMNS FROM `xcrm_user` [ RunTime:0.004485s ]
SQL: SELECT `uid` FROM `xcrm_user` WHERE ( `username` = 'admin' ) AND ( `password` = '21232f297a57a5a743894a0e4a801fc3' ) LIMIT 1   [ RunTime:0.001039s ]

[ 2013-12-04T12:26:28+08:00 ] 127.0.0.1 /
INFO: [ app_begin ] --START--
INFO: ReadHtmlCache Behavior ::run [ RunTime:0.001564s ]
INFO: [ app_begin ] --END-- [ RunTime:0.001779s ]
INFO: [ view_parse ] --START--
INFO: ParseTemplate Behavior ::run [ RunTime:0.014107s ]
INFO: [ view_parse ] --END-- [ RunTime:0.014295s ]
INFO: [ view_filter ] --START--
INFO: ContentReplace Behavior ::run [ RunTime:0.001217s ]
INFO: TokenBuild Behavior ::run [ RunTime:0.001230s ]
INFO: WriteHtmlCache Behavior ::run [ RunTime:0.001214s ]
INFO: ShowRuntime Behavior ::run [ RunTime:0.001403s ]
INFO: [ view_filter ] --END-- [ RunTime:0.005541s ]
INFO: [ view_end ] --START--
INFO: ShowPageTrace Behavior ::run [ RunTime:0.001557s ]
INFO: [ view_end ] --END-- [ RunTime:0.001710s ]

[ 2013-12-04T12:26:31+08:00 ] 127.0.0.1 /Menu/customer?node=root
INFO: [ route_check ] --START--
INFO: CheckRoute Behavior ::run [ RunTime:0.024140s ]
INFO: [ route_check ] --END-- [ RunTime:0.024335s ]
INFO: [ app_begin ] --START--
INFO: ReadHtmlCache Behavior ::run [ RunTime:0.006083s ]
INFO: [ app_begin ] --END-- [ RunTime:0.006294s ]

[ 2013-12-04T12:26:31+08:00 ] 127.0.0.1 /User/usergroup?_dc=1386131191022&page=1&start=0&limit=25
INFO: [ route_check ] --START--
INFO: CheckRoute Behavior ::run [ RunTime:0.002055s ]
INFO: [ route_check ] --END-- [ RunTime:0.002307s ]
INFO: [ app_begin ] --START--
INFO: ReadHtmlCache Behavior ::run [ RunTime:0.001122s ]
INFO: [ app_begin ] --END-- [ RunTime:0.001276s ]
SQL: SHOW COLUMNS FROM `xcrm_user_group` [ RunTime:0.004344s ]
SQL: SELECT * FROM `xcrm_user_group`  [ RunTime:0.000362s ]

[ 2013-12-04T12:26:31+08:00 ] 127.0.0.1 /Public/main
INFO: [ route_check ] --START--
INFO: CheckRoute Behavior ::run [ RunTime:0.040041s ]
INFO: [ route_check ] --END-- [ RunTime:0.040234s ]
INFO: [ app_begin ] --START--
INFO: ReadHtmlCache Behavior ::run [ RunTime:0.016256s ]
INFO: [ app_begin ] --END-- [ RunTime:0.016434s ]
INFO: [ view_parse ] --START--
INFO: ParseTemplate Behavior ::run [ RunTime:0.023012s ]
INFO: [ view_parse ] --END-- [ RunTime:0.023248s ]
INFO: [ view_filter ] --START--
INFO: ContentReplace Behavior ::run [ RunTime:0.001177s ]
INFO: TokenBuild Behavior ::run [ RunTime:0.001411s ]
INFO: WriteHtmlCache Behavior ::run [ RunTime:0.001494s ]
INFO: ShowRuntime Behavior ::run [ RunTime:0.001973s ]
INFO: [ view_filter ] --END-- [ RunTime:0.006641s ]
INFO: [ view_end ] --START--
INFO: ShowPageTrace Behavior ::run [ RunTime:0.002248s ]
INFO: [ view_end ] --END-- [ RunTime:0.002509s ]

[ 2013-12-04T12:26:31+08:00 ] 127.0.0.1 /Menu/product?node=root
INFO: [ route_check ] --START--
INFO: CheckRoute Behavior ::run [ RunTime:0.020137s ]
INFO: [ route_check ] --END-- [ RunTime:0.020412s ]
INFO: [ app_begin ] --START--
INFO: ReadHtmlCache Behavior ::run [ RunTime:0.007563s ]
INFO: [ app_begin ] --END-- [ RunTime:0.007754s ]

[ 2013-12-04T12:26:31+08:00 ] 127.0.0.1 /Menu/user?node=root
INFO: [ route_check ] --START--
INFO: CheckRoute Behavior ::run [ RunTime:0.003237s ]
INFO: [ route_check ] --END-- [ RunTime:0.003544s ]
INFO: [ app_begin ] --START--
INFO: ReadHtmlCache Behavior ::run [ RunTime:0.004803s ]
INFO: [ app_begin ] --END-- [ RunTime:0.005056s ]

[ 2013-12-04T12:26:40+08:00 ] 127.0.0.1 /User/read?_dc=1386131200212&page=1&start=0&limit=25
INFO: [ route_check ] --START--
INFO: CheckRoute Behavior ::run [ RunTime:0.001959s ]
INFO: [ route_check ] --END-- [ RunTime:0.002154s ]
INFO: [ app_begin ] --START--
INFO: ReadHtmlCache Behavior ::run [ RunTime:0.001559s ]
INFO: [ app_begin ] --END-- [ RunTime:0.001693s ]
SQL: SHOW COLUMNS FROM `xcrm_user` [ RunTime:0.004030s ]
SQL: SELECT COUNT(*) AS tp_count FROM `xcrm_user` LIMIT 1   [ RunTime:0.000357s ]
SQL: SELECT * FROM `xcrm_user` ORDER BY uid DESC LIMIT 0,25   [ RunTime:0.000313s ]

[ 2013-12-04T12:27:28+08:00 ] 127.0.0.1 /Member/doLogout?_dc=1386131248410
INFO: [ route_check ] --START--
INFO: CheckRoute Behavior ::run [ RunTime:0.002188s ]
INFO: [ route_check ] --END-- [ RunTime:0.002410s ]
INFO: [ app_begin ] --START--
INFO: ReadHtmlCache Behavior ::run [ RunTime:0.001716s ]
INFO: [ app_begin ] --END-- [ RunTime:0.001887s ]

[ 2013-12-04T12:27:28+08:00 ] 127.0.0.1 /
INFO: [ app_begin ] --START--
INFO: ReadHtmlCache Behavior ::run [ RunTime:0.001767s ]
INFO: [ app_begin ] --END-- [ RunTime:0.001979s ]
INFO: [ view_parse ] --START--
INFO: ParseTemplate Behavior ::run [ RunTime:0.018324s ]
INFO: [ view_parse ] --END-- [ RunTime:0.018558s ]
INFO: [ view_filter ] --START--
INFO: ContentReplace Behavior ::run [ RunTime:0.001323s ]
INFO: TokenBuild Behavior ::run [ RunTime:0.001388s ]
INFO: WriteHtmlCache Behavior ::run [ RunTime:0.001238s ]
INFO: ShowRuntime Behavior ::run [ RunTime:0.001509s ]
INFO: [ view_filter ] --END-- [ RunTime:0.005996s ]
INFO: [ view_end ] --START--
INFO: ShowPageTrace Behavior ::run [ RunTime:0.001553s ]
INFO: [ view_end ] --END-- [ RunTime:0.001735s ]

[ 2013-12-04T12:30:05+08:00 ] 127.0.0.1 /Member/doLogin
INFO: [ route_check ] --START--
INFO: CheckRoute Behavior ::run [ RunTime:0.001977s ]
INFO: [ route_check ] --END-- [ RunTime:0.002178s ]
INFO: [ app_begin ] --START--
INFO: ReadHtmlCache Behavior ::run [ RunTime:0.001582s ]
INFO: [ app_begin ] --END-- [ RunTime:0.001733s ]
SQL: SHOW COLUMNS FROM `xcrm_user` [ RunTime:0.004604s ]
SQL: SELECT `uid` FROM `xcrm_user` WHERE ( `username` = 'admin' ) AND ( `password` = '21232f297a57a5a743894a0e4a801fc3' ) LIMIT 1   [ RunTime:0.000482s ]

[ 2013-12-04T12:30:05+08:00 ] 127.0.0.1 /
INFO: [ app_begin ] --START--
INFO: ReadHtmlCache Behavior ::run [ RunTime:0.002596s ]
INFO: [ app_begin ] --END-- [ RunTime:0.002812s ]
INFO: [ view_parse ] --START--
INFO: ParseTemplate Behavior ::run [ RunTime:0.014448s ]
INFO: [ view_parse ] --END-- [ RunTime:0.014650s ]
INFO: [ view_filter ] --START--
INFO: ContentReplace Behavior ::run [ RunTime:0.001226s ]
INFO: TokenBuild Behavior ::run [ RunTime:0.001241s ]
INFO: WriteHtmlCache Behavior ::run [ RunTime:0.001012s ]
INFO: ShowRuntime Behavior ::run [ RunTime:0.001430s ]
INFO: [ view_filter ] --END-- [ RunTime:0.005357s ]
INFO: [ view_end ] --START--
INFO: ShowPageTrace Behavior ::run [ RunTime:0.001482s ]
INFO: [ view_end ] --END-- [ RunTime:0.001654s ]

[ 2013-12-04T12:30:08+08:00 ] 127.0.0.1 /Menu/user?node=root
INFO: [ route_check ] --START--
INFO: CheckRoute Behavior ::run [ RunTime:0.001994s ]
INFO: [ route_check ] --END-- [ RunTime:0.002191s ]
INFO: [ app_begin ] --START--
INFO: ReadHtmlCache Behavior ::run [ RunTime:0.001643s ]
INFO: [ app_begin ] --END-- [ RunTime:0.001805s ]

[ 2013-12-04T12:30:08+08:00 ] 127.0.0.1 /Menu/customer?node=root
INFO: [ route_check ] --START--
INFO: CheckRoute Behavior ::run [ RunTime:0.001911s ]
INFO: [ route_check ] --END-- [ RunTime:0.002111s ]
INFO: [ app_begin ] --START--
INFO: ReadHtmlCache Behavior ::run [ RunTime:0.001084s ]
INFO: [ app_begin ] --END-- [ RunTime:0.001231s ]

[ 2013-12-04T12:30:08+08:00 ] 127.0.0.1 /Public/main
INFO: [ route_check ] --START--
INFO: CheckRoute Behavior ::run [ RunTime:0.005508s ]
INFO: [ route_check ] --END-- [ RunTime:0.005704s ]
INFO: [ app_begin ] --START--
INFO: ReadHtmlCache Behavior ::run [ RunTime:0.003737s ]
INFO: [ app_begin ] --END-- [ RunTime:0.003906s ]
INFO: [ view_parse ] --START--
INFO: ParseTemplate Behavior ::run [ RunTime:0.017214s ]
INFO: [ view_parse ] --END-- [ RunTime:0.017396s ]
INFO: [ view_filter ] --START--
INFO: ContentReplace Behavior ::run [ RunTime:0.001130s ]
INFO: TokenBuild Behavior ::run [ RunTime:0.001069s ]
INFO: WriteHtmlCache Behavior ::run [ RunTime:0.001015s ]
INFO: ShowRuntime Behavior ::run [ RunTime:0.001209s ]
INFO: [ view_filter ] --END-- [ RunTime:0.005068s ]
INFO: [ view_end ] --START--
INFO: ShowPageTrace Behavior ::run [ RunTime:0.001936s ]
INFO: [ view_end ] --END-- [ RunTime:0.002084s ]

[ 2013-12-04T12:30:08+08:00 ] 127.0.0.1 /Menu/product?node=root
INFO: [ route_check ] --START--
INFO: CheckRoute Behavior ::run [ RunTime:0.001573s ]
INFO: [ route_check ] --END-- [ RunTime:0.001751s ]
INFO: [ app_begin ] --START--
INFO: ReadHtmlCache Behavior ::run [ RunTime:0.001311s ]
INFO: [ app_begin ] --END-- [ RunTime:0.001462s ]

[ 2013-12-04T12:30:08+08:00 ] 127.0.0.1 /User/usergroup?_dc=1386131408032&page=1&start=0&limit=25
INFO: [ route_check ] --START--
INFO: CheckRoute Behavior ::run [ RunTime:0.002299s ]
INFO: [ route_check ] --END-- [ RunTime:0.002493s ]
INFO: [ app_begin ] --START--
INFO: ReadHtmlCache Behavior ::run [ RunTime:0.001682s ]
INFO: [ app_begin ] --END-- [ RunTime:0.001836s ]
SQL: SHOW COLUMNS FROM `xcrm_user_group` [ RunTime:0.003678s ]
SQL: SELECT * FROM `xcrm_user_group`  [ RunTime:0.000536s ]

[ 2013-12-04T12:30:23+08:00 ] 127.0.0.1 /Product/read?_dc=1386131423494&page=1&start=0&limit=10
INFO: [ route_check ] --START--
INFO: CheckRoute Behavior ::run [ RunTime:0.001967s ]
INFO: [ route_check ] --END-- [ RunTime:0.002153s ]
INFO: [ app_begin ] --START--
INFO: ReadHtmlCache Behavior ::run [ RunTime:0.001766s ]
INFO: [ app_begin ] --END-- [ RunTime:0.001923s ]
SQL: SHOW COLUMNS FROM `xcrm_product` [ RunTime:0.005231s ]
SQL: SELECT COUNT(*) AS tp_count FROM `xcrm_product` LIMIT 1   [ RunTime:0.001050s ]
SQL: SELECT * FROM `xcrm_product` ORDER BY id DESC LIMIT 0,10   [ RunTime:0.001015s ]

[ 2013-12-04T12:30:26+08:00 ] 127.0.0.1 /Product/read?_dc=1386131426732&page=2&start=10&limit=10
INFO: [ route_check ] --START--
INFO: CheckRoute Behavior ::run [ RunTime:0.001807s ]
INFO: [ route_check ] --END-- [ RunTime:0.002075s ]
INFO: [ app_begin ] --START--
INFO: ReadHtmlCache Behavior ::run [ RunTime:0.000983s ]
INFO: [ app_begin ] --END-- [ RunTime:0.001163s ]
SQL: SHOW COLUMNS FROM `xcrm_product` [ RunTime:0.004608s ]
SQL: SELECT COUNT(*) AS tp_count FROM `xcrm_product` LIMIT 1   [ RunTime:0.000403s ]
SQL: SELECT * FROM `xcrm_product` ORDER BY id DESC LIMIT 10,10   [ RunTime:0.000496s ]

[ 2013-12-04T12:30:29+08:00 ] 127.0.0.1 /Product/read?_dc=1386131429352&page=1&start=0&limit=10
INFO: [ route_check ] --START--
INFO: CheckRoute Behavior ::run [ RunTime:0.001240s ]
INFO: [ route_check ] --END-- [ RunTime:0.001460s ]
INFO: [ app_begin ] --START--
INFO: ReadHtmlCache Behavior ::run [ RunTime:0.000878s ]
INFO: [ app_begin ] --END-- [ RunTime:0.001022s ]
SQL: SHOW COLUMNS FROM `xcrm_product` [ RunTime:0.004256s ]
SQL: SELECT COUNT(*) AS tp_count FROM `xcrm_product` LIMIT 1   [ RunTime:0.000385s ]
SQL: SELECT * FROM `xcrm_product` ORDER BY id DESC LIMIT 0,10   [ RunTime:0.000537s ]

[ 2013-12-04T12:30:36+08:00 ] 127.0.0.1 /User/read?_dc=1386131436425&page=1&start=0&limit=25
INFO: [ route_check ] --START--
INFO: CheckRoute Behavior ::run [ RunTime:0.001646s ]
INFO: [ route_check ] --END-- [ RunTime:0.001928s ]
INFO: [ app_begin ] --START--
INFO: ReadHtmlCache Behavior ::run [ RunTime:0.001138s ]
INFO: [ app_begin ] --END-- [ RunTime:0.001277s ]
SQL: SHOW COLUMNS FROM `xcrm_user` [ RunTime:0.003930s ]
SQL: SELECT COUNT(*) AS tp_count FROM `xcrm_user` LIMIT 1   [ RunTime:0.000373s ]
SQL: SELECT * FROM `xcrm_user` ORDER BY uid DESC LIMIT 0,25   [ RunTime:0.000357s ]

[ 2013-12-04T12:30:41+08:00 ] 127.0.0.1 /User/read?_dc=1386131440806&page=1&start=0&limit=25
INFO: [ route_check ] --START--
INFO: CheckRoute Behavior ::run [ RunTime:0.001530s ]
INFO: [ route_check ] --END-- [ RunTime:0.001749s ]
INFO: [ app_begin ] --START--
INFO: ReadHtmlCache Behavior ::run [ RunTime:0.000967s ]
INFO: [ app_begin ] --END-- [ RunTime:0.001110s ]
SQL: SHOW COLUMNS FROM `xcrm_user` [ RunTime:0.004462s ]
SQL: SELECT COUNT(*) AS tp_count FROM `xcrm_user` LIMIT 1   [ RunTime:0.001212s ]
SQL: SELECT * FROM `xcrm_user` ORDER BY uid DESC LIMIT 0,25   [ RunTime:0.000582s ]

[ 2013-12-04T12:30:43+08:00 ] 127.0.0.1 /User/read?_dc=1386131443438&page=1&start=0&limit=25
INFO: [ route_check ] --START--
INFO: CheckRoute Behavior ::run [ RunTime:0.001236s ]
INFO: [ route_check ] --END-- [ RunTime:0.001423s ]
INFO: [ app_begin ] --START--
INFO: ReadHtmlCache Behavior ::run [ RunTime:0.000885s ]
INFO: [ app_begin ] --END-- [ RunTime:0.001022s ]
SQL: SHOW COLUMNS FROM `xcrm_user` [ RunTime:0.003866s ]
SQL: SELECT COUNT(*) AS tp_count FROM `xcrm_user` LIMIT 1   [ RunTime:0.000331s ]
SQL: SELECT * FROM `xcrm_user` ORDER BY uid DESC LIMIT 0,25   [ RunTime:0.000309s ]

[ 2013-12-04T12:30:48+08:00 ] 127.0.0.1 /User/read?_dc=1386131448030&page=1&start=0&limit=25
INFO: [ route_check ] --START--
INFO: CheckRoute Behavior ::run [ RunTime:0.001165s ]
INFO: [ route_check ] --END-- [ RunTime:0.001362s ]
INFO: [ app_begin ] --START--
INFO: ReadHtmlCache Behavior ::run [ RunTime:0.000880s ]
INFO: [ app_begin ] --END-- [ RunTime:0.001023s ]
SQL: SHOW COLUMNS FROM `xcrm_user` [ RunTime:0.004316s ]
SQL: SELECT COUNT(*) AS tp_count FROM `xcrm_user` LIMIT 1   [ RunTime:0.001408s ]
SQL: SELECT * FROM `xcrm_user` ORDER BY uid DESC LIMIT 0,25   [ RunTime:0.000497s ]

[ 2013-12-04T13:08:10+08:00 ] 127.0.0.1 /
INFO: [ app_begin ] --START--
INFO: ReadHtmlCache Behavior ::run [ RunTime:0.002108s ]
INFO: [ app_begin ] --END-- [ RunTime:0.002374s ]
INFO: [ view_parse ] --START--
INFO: ParseTemplate Behavior ::run [ RunTime:0.014993s ]
INFO: [ view_parse ] --END-- [ RunTime:0.015262s ]
INFO: [ view_filter ] --START--
INFO: ContentReplace Behavior ::run [ RunTime:0.001146s ]
INFO: TokenBuild Behavior ::run [ RunTime:0.000963s ]
INFO: WriteHtmlCache Behavior ::run [ RunTime:0.000785s ]
INFO: ShowRuntime Behavior ::run [ RunTime:0.001145s ]
INFO: [ view_filter ] --END-- [ RunTime:0.004615s ]
INFO: [ view_end ] --START--
INFO: ShowPageTrace Behavior ::run [ RunTime:0.001168s ]
INFO: [ view_end ] --END-- [ RunTime:0.001358s ]

[ 2013-12-04T13:08:13+08:00 ] 127.0.0.1 /User/usergroup?_dc=1386133693303&page=1&start=0&limit=25
INFO: [ route_check ] --START--
INFO: CheckRoute Behavior ::run [ RunTime:0.002805s ]
INFO: [ route_check ] --END-- [ RunTime:0.003001s ]
INFO: [ app_begin ] --START--
INFO: ReadHtmlCache Behavior ::run [ RunTime:0.001585s ]
INFO: [ app_begin ] --END-- [ RunTime:0.001730s ]
SQL: SHOW COLUMNS FROM `xcrm_user_group` [ RunTime:0.004615s ]
SQL: SELECT * FROM `xcrm_user_group`  [ RunTime:0.000497s ]

[ 2013-12-04T13:08:13+08:00 ] 127.0.0.1 /Menu/customer?node=root
INFO: [ route_check ] --START--
INFO: CheckRoute Behavior ::run [ RunTime:0.001958s ]
INFO: [ route_check ] --END-- [ RunTime:0.002150s ]
INFO: [ app_begin ] --START--
INFO: ReadHtmlCache Behavior ::run [ RunTime:0.001532s ]
INFO: [ app_begin ] --END-- [ RunTime:0.001680s ]

[ 2013-12-04T13:08:13+08:00 ] 127.0.0.1 /Public/main
INFO: [ route_check ] --START--
INFO: CheckRoute Behavior ::run [ RunTime:0.002201s ]
INFO: [ route_check ] --END-- [ RunTime:0.002401s ]
INFO: [ app_begin ] --START--
INFO: ReadHtmlCache Behavior ::run [ RunTime:0.001760s ]
INFO: [ app_begin ] --END-- [ RunTime:0.001949s ]
INFO: [ view_parse ] --START--
INFO: ParseTemplate Behavior ::run [ RunTime:0.022332s ]
INFO: [ view_parse ] --END-- [ RunTime:0.022561s ]
INFO: [ view_filter ] --START--
INFO: ContentReplace Behavior ::run [ RunTime:0.001846s ]
INFO: TokenBuild Behavior ::run [ RunTime:0.001482s ]
INFO: WriteHtmlCache Behavior ::run [ RunTime:0.001227s ]
INFO: ShowRuntime Behavior ::run [ RunTime:0.001867s ]
INFO: [ view_filter ] --END-- [ RunTime:0.006931s ]
INFO: [ view_end ] --START--
INFO: ShowPageTrace Behavior ::run [ RunTime:0.002006s ]
INFO: [ view_end ] --END-- [ RunTime:0.018414s ]

[ 2013-12-04T13:08:13+08:00 ] 127.0.0.1 /Menu/user?node=root
INFO: [ route_check ] --START--
INFO: CheckRoute Behavior ::run [ RunTime:0.053456s ]
INFO: [ route_check ] --END-- [ RunTime:0.053650s ]
INFO: [ app_begin ] --START--
INFO: ReadHtmlCache Behavior ::run [ RunTime:0.000963s ]
INFO: [ app_begin ] --END-- [ RunTime:0.001101s ]

[ 2013-12-04T13:08:13+08:00 ] 127.0.0.1 /Menu/product?node=root
INFO: [ route_check ] --START--
INFO: CheckRoute Behavior ::run [ RunTime:0.002708s ]
INFO: [ route_check ] --END-- [ RunTime:0.003288s ]
INFO: [ app_begin ] --START--
INFO: ReadHtmlCache Behavior ::run [ RunTime:0.001741s ]
INFO: [ app_begin ] --END-- [ RunTime:0.001919s ]

[ 2013-12-04T13:08:15+08:00 ] 127.0.0.1 /Member/doLogout?_dc=1386133695700
INFO: [ route_check ] --START--
INFO: CheckRoute Behavior ::run [ RunTime:0.001903s ]
INFO: [ route_check ] --END-- [ RunTime:0.002101s ]
INFO: [ app_begin ] --START--
INFO: ReadHtmlCache Behavior ::run [ RunTime:0.001485s ]
INFO: [ app_begin ] --END-- [ RunTime:0.001640s ]

[ 2013-12-04T13:08:15+08:00 ] 127.0.0.1 /
INFO: [ app_begin ] --START--
INFO: ReadHtmlCache Behavior ::run [ RunTime:0.001496s ]
INFO: [ app_begin ] --END-- [ RunTime:0.001697s ]
INFO: [ view_parse ] --START--
INFO: ParseTemplate Behavior ::run [ RunTime:0.015835s ]
INFO: [ view_parse ] --END-- [ RunTime:0.016033s ]
INFO: [ view_filter ] --START--
INFO: ContentReplace Behavior ::run [ RunTime:0.001963s ]
INFO: TokenBuild Behavior ::run [ RunTime:0.001738s ]
INFO: WriteHtmlCache Behavior ::run [ RunTime:0.001624s ]
INFO: ShowRuntime Behavior ::run [ RunTime:0.001908s ]
INFO: [ view_filter ] --END-- [ RunTime:0.007856s ]
INFO: [ view_end ] --START--
INFO: ShowPageTrace Behavior ::run [ RunTime:0.001592s ]
INFO: [ view_end ] --END-- [ RunTime:0.001755s ]

[ 2013-12-04T13:08:39+08:00 ] 127.0.0.1 /
INFO: [ app_begin ] --START--
INFO: ReadHtmlCache Behavior ::run [ RunTime:0.001765s ]
INFO: [ app_begin ] --END-- [ RunTime:0.002019s ]
INFO: [ view_parse ] --START--
INFO: ParseTemplate Behavior ::run [ RunTime:0.015090s ]
INFO: [ view_parse ] --END-- [ RunTime:0.015310s ]
INFO: [ view_filter ] --START--
INFO: ContentReplace Behavior ::run [ RunTime:0.001224s ]
INFO: TokenBuild Behavior ::run [ RunTime:0.001220s ]
INFO: WriteHtmlCache Behavior ::run [ RunTime:0.000999s ]
INFO: ShowRuntime Behavior ::run [ RunTime:0.001498s ]
INFO: [ view_filter ] --END-- [ RunTime:0.005425s ]
INFO: [ view_end ] --START--
INFO: ShowPageTrace Behavior ::run [ RunTime:0.001615s ]
INFO: [ view_end ] --END-- [ RunTime:0.001782s ]

[ 2013-12-04T13:08:41+08:00 ] 127.0.0.1 /
INFO: [ app_begin ] --START--
INFO: ReadHtmlCache Behavior ::run [ RunTime:0.002061s ]
INFO: [ app_begin ] --END-- [ RunTime:0.002268s ]
INFO: [ view_parse ] --START--
INFO: ParseTemplate Behavior ::run [ RunTime:0.015733s ]
INFO: [ view_parse ] --END-- [ RunTime:0.015950s ]
INFO: [ view_filter ] --START--
INFO: ContentReplace Behavior ::run [ RunTime:0.001289s ]
INFO: TokenBuild Behavior ::run [ RunTime:0.004334s ]
INFO: WriteHtmlCache Behavior ::run [ RunTime:0.001135s ]
INFO: ShowRuntime Behavior ::run [ RunTime:0.001472s ]
INFO: [ view_filter ] --END-- [ RunTime:0.008762s ]
INFO: [ view_end ] --START--
INFO: ShowPageTrace Behavior ::run [ RunTime:0.001691s ]
INFO: [ view_end ] --END-- [ RunTime:0.001879s ]

